INFO 2025-07-17 22:13:45,382 tasks 22488 21460 Generating test data: 20 customers, 50 loans each
INFO 2025-07-17 22:13:50,983 tasks 22488 21460 Test data generation completed: 20 customers, 1000 loans
INFO 2025-07-17 22:14:25,378 tasks 18904 7372 Generating test data: 10 customers, 20 loans each
INFO 2025-07-17 22:14:27,859 tasks 18904 7372 Test data generation completed: 10 customers, 200 loans
INFO 2025-07-17 22:15:29,124 autoreload 15756 19944 Watching for file changes with StatReloader
INFO 2025-07-17 22:18:00,701 autoreload 23168 8488 Watching for file changes with StatReloader
WARNING 2025-07-17 22:18:40,792 log 15756 19252 Not Found: /api/
WARNING 2025-07-17 22:18:40,794 basehttp 15756 19252 "GET /api/ HTTP/1.1" 404 3576
INFO 2025-07-17 22:18:41,692 basehttp 15756 19252 - Broken pipe from ('127.0.0.1', 60748)
INFO 2025-07-17 22:19:02,246 basehttp 15756 12352 "GET /status HTTP/1.1" 200 167
INFO 2025-07-17 22:19:03,206 basehttp 15756 12352 - Broken pipe from ('127.0.0.1', 60838)
INFO 2025-07-17 22:19:31,239 basehttp 15756 16152 "GET /health/ HTTP/1.1" 200 58
INFO 2025-07-17 22:19:32,303 basehttp 15756 16152 - Broken pipe from ('127.0.0.1', 60901)
WARNING 2025-07-17 22:20:53,267 views 10044 4572 Invalid customer registration data: {'phone_number': [ErrorDetail(string='Customer with this phone number already exists.', code='unique')]}
WARNING 2025-07-17 22:20:53,288 log 10044 4572 Bad Request: /register
WARNING 2025-07-17 22:20:53,324 views 10044 4572 Invalid customer registration data: {'age': [ErrorDetail(string='Ensure this value is greater than or equal to 18.', code='min_value')]}
WARNING 2025-07-17 22:20:53,325 log 10044 4572 Bad Request: /register
WARNING 2025-07-17 22:20:53,343 views 10044 4572 Invalid customer registration data: {'last_name': [ErrorDetail(string='This field is required.', code='required')], 'age': [ErrorDetail(string='This field is required.', code='required')], 'phone_number': [ErrorDetail(string='This field is required.', code='required')], 'monthly_income': [ErrorDetail(string='This field is required.', code='required')]}
WARNING 2025-07-17 22:20:53,352 log 10044 4572 Bad Request: /register
INFO 2025-07-17 22:20:53,450 views 10044 4572 Created new customer: John Doe (ID: 1)
WARNING 2025-07-17 22:20:53,469 views 10044 4572 Invalid loan creation request: {'customer_id': [ErrorDetail(string='Customer not found.', code='invalid')]}
WARNING 2025-07-17 22:20:53,471 log 10044 4572 Bad Request: /create-loan
INFO 2025-07-17 22:20:53,590 views 10044 4572 Created loan b12dd552-6f88-422e-b137-f0444178200d for customer 1: approved=True
WARNING 2025-07-17 22:20:53,688 views 10044 4572 Invalid loan eligibility request: {'loan_amount': [ErrorDetail(string='Ensure this value is greater than or equal to 1000.00.', code='min_value')]}
WARNING 2025-07-17 22:20:53,703 log 10044 4572 Bad Request: /check-eligibility
WARNING 2025-07-17 22:20:53,754 views 10044 4572 Invalid loan eligibility request: {'customer_id': [ErrorDetail(string='Customer not found.', code='invalid')]}
WARNING 2025-07-17 22:20:53,759 log 10044 4572 Bad Request: /check-eligibility
INFO 2025-07-17 22:20:53,901 views 10044 4572 Loan eligibility check for customer 1: True
INFO 2025-07-17 22:20:53,942 views 10044 4572 Retrieved 2 loans for customer 1
INFO 2025-07-17 22:20:53,996 views 10044 4572 Retrieved loan details for loan c60ce179-1399-44b6-bd34-dab910af1f34
ERROR 2025-07-17 22:20:54,058 views 10044 4572 Error retrieving customer loans for 99999: No Customer matches the given query.
ERROR 2025-07-17 22:20:54,070 log 10044 4572 Internal Server Error: /view-loans/99999
ERROR 2025-07-17 22:20:54,106 views 10044 4572 Error retrieving loan fbc4c671-f2d3-4320-8f1d-0859e0e4c82e: No Loan matches the given query.
ERROR 2025-07-17 22:20:54,107 log 10044 4572 Internal Server Error: /view-loan/fbc4c671-f2d3-4320-8f1d-0859e0e4c82e
INFO 2025-07-17 22:24:24,417 basehttp 15756 2152 "GET /health/ HTTP/1.1" 200 58
INFO 2025-07-17 22:24:26,513 basehttp 15756 9952 "GET /status HTTP/1.1" 200 167
INFO 2025-07-17 22:24:28,616 views 15756 9488 Created new customer: John Doe (ID: 31)
INFO 2025-07-17 22:24:28,669 basehttp 15756 9488 "POST /register HTTP/1.1" 201 129
INFO 2025-07-17 22:24:31,359 views 15756 13400 Loan eligibility check for customer 31: True
INFO 2025-07-17 22:24:31,363 basehttp 15756 13400 "POST /check-eligibility HTTP/1.1" 200 136
INFO 2025-07-17 22:24:33,709 views 15756 22716 Created loan 9be2d926-53c9-428c-805b-a59a0daa33ba for customer 31: approved=True
INFO 2025-07-17 22:24:33,730 basehttp 15756 22716 "POST /create-loan HTTP/1.1" 201 159
INFO 2025-07-17 22:24:35,795 views 15756 19532 Retrieved loan details for loan 9be2d926-53c9-428c-805b-a59a0daa33ba
INFO 2025-07-17 22:24:35,814 basehttp 15756 19532 "GET /view-loan/9be2d926-53c9-428c-805b-a59a0daa33ba HTTP/1.1" 200 238
INFO 2025-07-17 22:24:37,888 views 15756 15484 Retrieved 1 loans for customer 31
INFO 2025-07-17 22:24:37,900 basehttp 15756 15484 "GET /view-loans/31 HTTP/1.1" 200 155
WARNING 2025-07-17 22:28:50,014 log 15756 11456 Not Found: /
WARNING 2025-07-17 22:28:50,023 basehttp 15756 11456 "GET / HTTP/1.1" 404 3546
WARNING 2025-07-17 22:28:56,039 log 15756 11456 Not Found: /favicon.ico
WARNING 2025-07-17 22:28:56,040 basehttp 15756 11456 "GET /favicon.ico HTTP/1.1" 404 3597
INFO 2025-07-17 22:30:44,270 basehttp 15756 11456 "GET /status HTTP/1.1" 200 167
INFO 2025-07-17 22:37:06,395 tasks 18292 22712 Loading customer data from: D:\Alemeno\credit_approval_system\data\customer_data.xlsx
INFO 2025-07-17 22:37:06,746 tasks 18292 22712 Created customer: Neha Sharma
INFO 2025-07-17 22:37:06,751 tasks 18292 22712 Created customer: Neha Mishra
INFO 2025-07-17 22:37:06,751 tasks 18292 22712 Created customer: Rahul Singh
INFO 2025-07-17 22:37:06,754 tasks 18292 22712 Created customer: Rekha Verma
INFO 2025-07-17 22:37:06,754 tasks 18292 22712 Created customer: Sandeep Sharma
INFO 2025-07-17 22:37:06,758 tasks 18292 22712 Created customer: Ravi Reddy
INFO 2025-07-17 22:37:06,760 tasks 18292 22712 Created customer: Geeta Nair
INFO 2025-07-17 22:37:06,763 tasks 18292 22712 Created customer: Karan Saxena
INFO 2025-07-17 22:37:06,764 tasks 18292 22712 Created customer: Ashok Pandey
INFO 2025-07-17 22:37:06,767 tasks 18292 22712 Created customer: Priya Mishra
INFO 2025-07-17 22:37:06,769 tasks 18292 22712 Created customer: Pooja Kumar
INFO 2025-07-17 22:37:06,770 tasks 18292 22712 Created customer: Deepika Joshi
INFO 2025-07-17 22:37:06,771 tasks 18292 22712 Created customer: Praveen Mishra
INFO 2025-07-17 22:37:06,772 tasks 18292 22712 Created customer: Divya Agarwal
INFO 2025-07-17 22:37:06,775 tasks 18292 22712 Created customer: Rajesh Yadav
INFO 2025-07-17 22:37:06,777 tasks 18292 22712 Created customer: Nitin Patel
INFO 2025-07-17 22:37:06,780 tasks 18292 22712 Created customer: Sandeep Singh
INFO 2025-07-17 22:37:06,783 tasks 18292 22712 Created customer: Ravi Pandey
INFO 2025-07-17 22:37:06,785 tasks 18292 22712 Created customer: Karan Gupta
INFO 2025-07-17 22:37:06,788 tasks 18292 22712 Created customer: Rekha Mehta
INFO 2025-07-17 22:37:06,789 tasks 18292 22712 Created customer: Deepika Agarwal
INFO 2025-07-17 22:37:06,791 tasks 18292 22712 Created customer: Priya Kumar
INFO 2025-07-17 22:37:06,793 tasks 18292 22712 Created customer: Sunita Sinha
INFO 2025-07-17 22:37:06,796 tasks 18292 22712 Created customer: Anil Mehta
INFO 2025-07-17 22:37:06,797 tasks 18292 22712 Created customer: Shalini Saxena
INFO 2025-07-17 22:37:06,799 tasks 18292 22712 Created customer: Sunita Joshi
INFO 2025-07-17 22:37:06,802 tasks 18292 22712 Created customer: Divya Mehta
INFO 2025-07-17 22:37:06,804 tasks 18292 22712 Created customer: Geeta Pandey
INFO 2025-07-17 22:37:06,805 tasks 18292 22712 Created customer: Vikram Nair
INFO 2025-07-17 22:37:06,806 tasks 18292 22712 Created customer: Anil Sharma
INFO 2025-07-17 22:37:06,810 tasks 18292 22712 Created customer: Usha Nair
INFO 2025-07-17 22:37:06,813 tasks 18292 22712 Created customer: Suresh Singh
INFO 2025-07-17 22:37:06,815 tasks 18292 22712 Created customer: Rekha Gupta
INFO 2025-07-17 22:37:06,817 tasks 18292 22712 Created customer: Anjali Mehta
INFO 2025-07-17 22:37:06,819 tasks 18292 22712 Created customer: Usha Saxena
INFO 2025-07-17 22:37:06,821 tasks 18292 22712 Created customer: Rajesh Nair
INFO 2025-07-17 22:37:06,822 tasks 18292 22712 Created customer: Pooja Singh
INFO 2025-07-17 22:37:06,824 tasks 18292 22712 Created customer: Suresh Agarwal
INFO 2025-07-17 22:37:06,828 tasks 18292 22712 Created customer: Pooja Singh
INFO 2025-07-17 22:37:06,830 tasks 18292 22712 Created customer: Sandeep Mishra
INFO 2025-07-17 22:37:06,832 tasks 18292 22712 Created customer: Usha Tiwari
INFO 2025-07-17 22:37:06,835 tasks 18292 22712 Created customer: Smita Jain
INFO 2025-07-17 22:37:06,837 tasks 18292 22712 Created customer: Deepika Jain
INFO 2025-07-17 22:37:06,838 tasks 18292 22712 Created customer: Shalini Pandey
INFO 2025-07-17 22:37:06,841 tasks 18292 22712 Created customer: Smita Kumar
INFO 2025-07-17 22:37:06,844 tasks 18292 22712 Created customer: Vikram Jain
INFO 2025-07-17 22:37:06,846 tasks 18292 22712 Created customer: Usha Singh
INFO 2025-07-17 22:37:06,849 tasks 18292 22712 Created customer: Rekha Sharma
INFO 2025-07-17 22:37:06,850 tasks 18292 22712 Created customer: Meera Verma
INFO 2025-07-17 22:37:06,853 tasks 18292 22712 Created customer: Manoj Mehta
INFO 2025-07-17 22:37:06,863 tasks 18292 22712 Customer data loading completed: 50 created, 0 updated, 0 errors
INFO 2025-07-17 22:37:26,219 tasks 3236 5888 Loading loan data from: D:\Alemeno\credit_approval_system\data\loan_data.xlsx
ERROR 2025-07-17 22:37:26,547 tasks 3236 5888 Error processing loan row 0: ['“LOAN_000001” is not a valid UUID.']
ERROR 2025-07-17 22:37:26,550 tasks 3236 5888 Error processing loan row 1: ['“LOAN_000002” is not a valid UUID.']
ERROR 2025-07-17 22:37:26,553 tasks 3236 5888 Error processing loan row 2: ['“LOAN_000003” is not a valid UUID.']
ERROR 2025-07-17 22:37:26,556 tasks 3236 5888 Error processing loan row 3: ['“LOAN_000004” is not a valid UUID.']
ERROR 2025-07-17 22:37:26,559 tasks 3236 5888 Error processing loan row 4: ['“LOAN_000005” is not a valid UUID.']
ERROR 2025-07-17 22:37:26,562 tasks 3236 5888 Error processing loan row 5: ['“LOAN_000006” is not a valid UUID.']
ERROR 2025-07-17 22:37:26,565 tasks 3236 5888 Error processing loan row 6: ['“LOAN_000007” is not a valid UUID.']
ERROR 2025-07-17 22:37:26,565 tasks 3236 5888 Error processing loan row 7: ['“LOAN_000008” is not a valid UUID.']
ERROR 2025-07-17 22:37:26,570 tasks 3236 5888 Error processing loan row 8: ['“LOAN_000009” is not a valid UUID.']
ERROR 2025-07-17 22:37:26,570 tasks 3236 5888 Error processing loan row 9: ['“LOAN_000010” is not a valid UUID.']
ERROR 2025-07-17 22:37:26,576 tasks 3236 5888 Error processing loan row 10: ['“LOAN_000011” is not a valid UUID.']
ERROR 2025-07-17 22:37:26,578 tasks 3236 5888 Error processing loan row 11: ['“LOAN_000012” is not a valid UUID.']
ERROR 2025-07-17 22:37:26,578 tasks 3236 5888 Error processing loan row 12: ['“LOAN_000013” is not a valid UUID.']
ERROR 2025-07-17 22:37:26,583 tasks 3236 5888 Error processing loan row 13: ['“LOAN_000014” is not a valid UUID.']
ERROR 2025-07-17 22:37:26,585 tasks 3236 5888 Error processing loan row 14: ['“LOAN_000015” is not a valid UUID.']
ERROR 2025-07-17 22:37:26,587 tasks 3236 5888 Error processing loan row 15: ['“LOAN_000016” is not a valid UUID.']
ERROR 2025-07-17 22:37:26,588 tasks 3236 5888 Error processing loan row 16: ['“LOAN_000017” is not a valid UUID.']
ERROR 2025-07-17 22:37:26,592 tasks 3236 5888 Error processing loan row 17: ['“LOAN_000018” is not a valid UUID.']
ERROR 2025-07-17 22:37:26,596 tasks 3236 5888 Error processing loan row 18: ['“LOAN_000019” is not a valid UUID.']
ERROR 2025-07-17 22:37:26,600 tasks 3236 5888 Error processing loan row 19: ['“LOAN_000020” is not a valid UUID.']
ERROR 2025-07-17 22:37:26,604 tasks 3236 5888 Error processing loan row 20: ['“LOAN_000021” is not a valid UUID.']
ERROR 2025-07-17 22:37:26,607 tasks 3236 5888 Error processing loan row 21: ['“LOAN_000022” is not a valid UUID.']
ERROR 2025-07-17 22:37:26,612 tasks 3236 5888 Error processing loan row 22: ['“LOAN_000023” is not a valid UUID.']
ERROR 2025-07-17 22:37:26,616 tasks 3236 5888 Error processing loan row 23: ['“LOAN_000024” is not a valid UUID.']
ERROR 2025-07-17 22:37:26,618 tasks 3236 5888 Error processing loan row 24: ['“LOAN_000025” is not a valid UUID.']
ERROR 2025-07-17 22:37:26,620 tasks 3236 5888 Error processing loan row 25: ['“LOAN_000026” is not a valid UUID.']
ERROR 2025-07-17 22:37:26,623 tasks 3236 5888 Error processing loan row 26: ['“LOAN_000027” is not a valid UUID.']
ERROR 2025-07-17 22:37:26,627 tasks 3236 5888 Error processing loan row 27: ['“LOAN_000028” is not a valid UUID.']
ERROR 2025-07-17 22:37:26,630 tasks 3236 5888 Error processing loan row 28: ['“LOAN_000029” is not a valid UUID.']
ERROR 2025-07-17 22:37:26,633 tasks 3236 5888 Error processing loan row 29: ['“LOAN_000030” is not a valid UUID.']
ERROR 2025-07-17 22:37:26,636 tasks 3236 5888 Error processing loan row 30: ['“LOAN_000031” is not a valid UUID.']
ERROR 2025-07-17 22:37:26,638 tasks 3236 5888 Error processing loan row 31: ['“LOAN_000032” is not a valid UUID.']
ERROR 2025-07-17 22:37:26,641 tasks 3236 5888 Error processing loan row 32: ['“LOAN_000033” is not a valid UUID.']
ERROR 2025-07-17 22:37:26,645 tasks 3236 5888 Error processing loan row 33: ['“LOAN_000034” is not a valid UUID.']
ERROR 2025-07-17 22:37:26,649 tasks 3236 5888 Error processing loan row 34: ['“LOAN_000035” is not a valid UUID.']
ERROR 2025-07-17 22:37:26,651 tasks 3236 5888 Error processing loan row 35: ['“LOAN_000036” is not a valid UUID.']
ERROR 2025-07-17 22:37:26,653 tasks 3236 5888 Error processing loan row 36: ['“LOAN_000037” is not a valid UUID.']
ERROR 2025-07-17 22:37:26,655 tasks 3236 5888 Error processing loan row 37: ['“LOAN_000038” is not a valid UUID.']
ERROR 2025-07-17 22:37:26,658 tasks 3236 5888 Error processing loan row 38: ['“LOAN_000039” is not a valid UUID.']
ERROR 2025-07-17 22:37:26,662 tasks 3236 5888 Error processing loan row 39: ['“LOAN_000040” is not a valid UUID.']
ERROR 2025-07-17 22:37:26,666 tasks 3236 5888 Error processing loan row 40: ['“LOAN_000041” is not a valid UUID.']
ERROR 2025-07-17 22:37:26,669 tasks 3236 5888 Error processing loan row 41: ['“LOAN_000042” is not a valid UUID.']
ERROR 2025-07-17 22:37:26,671 tasks 3236 5888 Error processing loan row 42: ['“LOAN_000043” is not a valid UUID.']
ERROR 2025-07-17 22:37:26,673 tasks 3236 5888 Error processing loan row 43: ['“LOAN_000044” is not a valid UUID.']
ERROR 2025-07-17 22:37:26,676 tasks 3236 5888 Error processing loan row 44: ['“LOAN_000045” is not a valid UUID.']
ERROR 2025-07-17 22:37:26,679 tasks 3236 5888 Error processing loan row 45: ['“LOAN_000046” is not a valid UUID.']
ERROR 2025-07-17 22:37:26,684 tasks 3236 5888 Error processing loan row 46: ['“LOAN_000047” is not a valid UUID.']
ERROR 2025-07-17 22:37:26,686 tasks 3236 5888 Error processing loan row 47: ['“LOAN_000048” is not a valid UUID.']
ERROR 2025-07-17 22:37:26,690 tasks 3236 5888 Error processing loan row 48: ['“LOAN_000049” is not a valid UUID.']
ERROR 2025-07-17 22:37:26,694 tasks 3236 5888 Error processing loan row 49: ['“LOAN_000050” is not a valid UUID.']
ERROR 2025-07-17 22:37:26,698 tasks 3236 5888 Error processing loan row 50: ['“LOAN_000051” is not a valid UUID.']
ERROR 2025-07-17 22:37:26,701 tasks 3236 5888 Error processing loan row 51: ['“LOAN_000052” is not a valid UUID.']
ERROR 2025-07-17 22:37:26,703 tasks 3236 5888 Error processing loan row 52: ['“LOAN_000053” is not a valid UUID.']
ERROR 2025-07-17 22:37:26,705 tasks 3236 5888 Error processing loan row 53: ['“LOAN_000054” is not a valid UUID.']
ERROR 2025-07-17 22:37:26,709 tasks 3236 5888 Error processing loan row 54: ['“LOAN_000055” is not a valid UUID.']
ERROR 2025-07-17 22:37:26,713 tasks 3236 5888 Error processing loan row 55: ['“LOAN_000056” is not a valid UUID.']
ERROR 2025-07-17 22:37:26,716 tasks 3236 5888 Error processing loan row 56: ['“LOAN_000057” is not a valid UUID.']
ERROR 2025-07-17 22:37:26,718 tasks 3236 5888 Error processing loan row 57: ['“LOAN_000058” is not a valid UUID.']
ERROR 2025-07-17 22:37:26,721 tasks 3236 5888 Error processing loan row 58: ['“LOAN_000059” is not a valid UUID.']
ERROR 2025-07-17 22:37:26,724 tasks 3236 5888 Error processing loan row 59: ['“LOAN_000060” is not a valid UUID.']
ERROR 2025-07-17 22:37:26,727 tasks 3236 5888 Error processing loan row 60: ['“LOAN_000061” is not a valid UUID.']
ERROR 2025-07-17 22:37:26,730 tasks 3236 5888 Error processing loan row 61: ['“LOAN_000062” is not a valid UUID.']
ERROR 2025-07-17 22:37:26,735 tasks 3236 5888 Error processing loan row 62: ['“LOAN_000063” is not a valid UUID.']
ERROR 2025-07-17 22:37:26,738 tasks 3236 5888 Error processing loan row 63: ['“LOAN_000064” is not a valid UUID.']
ERROR 2025-07-17 22:37:26,739 tasks 3236 5888 Error processing loan row 64: ['“LOAN_000065” is not a valid UUID.']
ERROR 2025-07-17 22:37:26,744 tasks 3236 5888 Error processing loan row 65: ['“LOAN_000066” is not a valid UUID.']
ERROR 2025-07-17 22:37:26,749 tasks 3236 5888 Error processing loan row 66: ['“LOAN_000067” is not a valid UUID.']
ERROR 2025-07-17 22:37:26,752 tasks 3236 5888 Error processing loan row 67: ['“LOAN_000068” is not a valid UUID.']
ERROR 2025-07-17 22:37:26,754 tasks 3236 5888 Error processing loan row 68: ['“LOAN_000069” is not a valid UUID.']
ERROR 2025-07-17 22:37:26,758 tasks 3236 5888 Error processing loan row 69: ['“LOAN_000070” is not a valid UUID.']
ERROR 2025-07-17 22:37:26,761 tasks 3236 5888 Error processing loan row 70: ['“LOAN_000071” is not a valid UUID.']
ERROR 2025-07-17 22:37:26,765 tasks 3236 5888 Error processing loan row 71: ['“LOAN_000072” is not a valid UUID.']
ERROR 2025-07-17 22:37:26,768 tasks 3236 5888 Error processing loan row 72: ['“LOAN_000073” is not a valid UUID.']
ERROR 2025-07-17 22:37:26,771 tasks 3236 5888 Error processing loan row 73: ['“LOAN_000074” is not a valid UUID.']
ERROR 2025-07-17 22:37:26,774 tasks 3236 5888 Error processing loan row 74: ['“LOAN_000075” is not a valid UUID.']
ERROR 2025-07-17 22:37:26,778 tasks 3236 5888 Error processing loan row 75: ['“LOAN_000076” is not a valid UUID.']
ERROR 2025-07-17 22:37:26,782 tasks 3236 5888 Error processing loan row 76: ['“LOAN_000077” is not a valid UUID.']
ERROR 2025-07-17 22:37:26,785 tasks 3236 5888 Error processing loan row 77: ['“LOAN_000078” is not a valid UUID.']
ERROR 2025-07-17 22:37:26,787 tasks 3236 5888 Error processing loan row 78: ['“LOAN_000079” is not a valid UUID.']
ERROR 2025-07-17 22:37:26,790 tasks 3236 5888 Error processing loan row 79: ['“LOAN_000080” is not a valid UUID.']
ERROR 2025-07-17 22:37:26,793 tasks 3236 5888 Error processing loan row 80: ['“LOAN_000081” is not a valid UUID.']
ERROR 2025-07-17 22:37:26,797 tasks 3236 5888 Error processing loan row 81: ['“LOAN_000082” is not a valid UUID.']
ERROR 2025-07-17 22:37:26,802 tasks 3236 5888 Error processing loan row 82: ['“LOAN_000083” is not a valid UUID.']
ERROR 2025-07-17 22:37:26,841 tasks 3236 5888 Error processing loan row 83: ['“LOAN_000084” is not a valid UUID.']
ERROR 2025-07-17 22:37:26,882 tasks 3236 5888 Error processing loan row 84: ['“LOAN_000085” is not a valid UUID.']
ERROR 2025-07-17 22:37:26,886 tasks 3236 5888 Error processing loan row 85: ['“LOAN_000086” is not a valid UUID.']
ERROR 2025-07-17 22:37:26,890 tasks 3236 5888 Error processing loan row 86: ['“LOAN_000087” is not a valid UUID.']
ERROR 2025-07-17 22:37:26,894 tasks 3236 5888 Error processing loan row 87: ['“LOAN_000088” is not a valid UUID.']
ERROR 2025-07-17 22:37:26,905 tasks 3236 5888 Error processing loan row 88: ['“LOAN_000089” is not a valid UUID.']
ERROR 2025-07-17 22:37:26,917 tasks 3236 5888 Error processing loan row 89: ['“LOAN_000090” is not a valid UUID.']
ERROR 2025-07-17 22:37:26,920 tasks 3236 5888 Error processing loan row 90: ['“LOAN_000091” is not a valid UUID.']
ERROR 2025-07-17 22:37:26,923 tasks 3236 5888 Error processing loan row 91: ['“LOAN_000092” is not a valid UUID.']
ERROR 2025-07-17 22:37:26,926 tasks 3236 5888 Error processing loan row 92: ['“LOAN_000093” is not a valid UUID.']
ERROR 2025-07-17 22:37:26,930 tasks 3236 5888 Error processing loan row 93: ['“LOAN_000094” is not a valid UUID.']
ERROR 2025-07-17 22:37:26,933 tasks 3236 5888 Error processing loan row 94: ['“LOAN_000095” is not a valid UUID.']
ERROR 2025-07-17 22:37:26,936 tasks 3236 5888 Error processing loan row 95: ['“LOAN_000096” is not a valid UUID.']
ERROR 2025-07-17 22:37:26,937 tasks 3236 5888 Error processing loan row 96: ['“LOAN_000097” is not a valid UUID.']
ERROR 2025-07-17 22:37:26,943 tasks 3236 5888 Error processing loan row 97: ['“LOAN_000098” is not a valid UUID.']
ERROR 2025-07-17 22:37:26,947 tasks 3236 5888 Error processing loan row 98: ['“LOAN_000099” is not a valid UUID.']
ERROR 2025-07-17 22:37:26,951 tasks 3236 5888 Error processing loan row 99: ['“LOAN_000100” is not a valid UUID.']
ERROR 2025-07-17 22:37:26,954 tasks 3236 5888 Error processing loan row 100: ['“LOAN_000101” is not a valid UUID.']
ERROR 2025-07-17 22:37:26,956 tasks 3236 5888 Error processing loan row 101: ['“LOAN_000102” is not a valid UUID.']
ERROR 2025-07-17 22:37:26,961 tasks 3236 5888 Error processing loan row 102: ['“LOAN_000103” is not a valid UUID.']
ERROR 2025-07-17 22:37:26,967 tasks 3236 5888 Error processing loan row 103: ['“LOAN_000104” is not a valid UUID.']
ERROR 2025-07-17 22:37:26,969 tasks 3236 5888 Error processing loan row 104: ['“LOAN_000105” is not a valid UUID.']
ERROR 2025-07-17 22:37:26,972 tasks 3236 5888 Error processing loan row 105: ['“LOAN_000106” is not a valid UUID.']
ERROR 2025-07-17 22:37:26,974 tasks 3236 5888 Error processing loan row 106: ['“LOAN_000107” is not a valid UUID.']
ERROR 2025-07-17 22:37:26,978 tasks 3236 5888 Error processing loan row 107: ['“LOAN_000108” is not a valid UUID.']
ERROR 2025-07-17 22:37:26,982 tasks 3236 5888 Error processing loan row 108: ['“LOAN_000109” is not a valid UUID.']
ERROR 2025-07-17 22:37:26,985 tasks 3236 5888 Error processing loan row 109: ['“LOAN_000110” is not a valid UUID.']
ERROR 2025-07-17 22:37:26,987 tasks 3236 5888 Error processing loan row 110: ['“LOAN_000111” is not a valid UUID.']
ERROR 2025-07-17 22:37:26,990 tasks 3236 5888 Error processing loan row 111: ['“LOAN_000112” is not a valid UUID.']
ERROR 2025-07-17 22:37:26,995 tasks 3236 5888 Error processing loan row 112: ['“LOAN_000113” is not a valid UUID.']
ERROR 2025-07-17 22:37:26,998 tasks 3236 5888 Error processing loan row 113: ['“LOAN_000114” is not a valid UUID.']
ERROR 2025-07-17 22:37:27,001 tasks 3236 5888 Error processing loan row 114: ['“LOAN_000115” is not a valid UUID.']
ERROR 2025-07-17 22:37:27,004 tasks 3236 5888 Error processing loan row 115: ['“LOAN_000116” is not a valid UUID.']
ERROR 2025-07-17 22:37:27,006 tasks 3236 5888 Error processing loan row 116: ['“LOAN_000117” is not a valid UUID.']
ERROR 2025-07-17 22:37:27,012 tasks 3236 5888 Error processing loan row 117: ['“LOAN_000118” is not a valid UUID.']
ERROR 2025-07-17 22:37:27,016 tasks 3236 5888 Error processing loan row 118: ['“LOAN_000119” is not a valid UUID.']
ERROR 2025-07-17 22:37:27,020 tasks 3236 5888 Error processing loan row 119: ['“LOAN_000120” is not a valid UUID.']
ERROR 2025-07-17 22:37:27,022 tasks 3236 5888 Error processing loan row 120: ['“LOAN_000121” is not a valid UUID.']
ERROR 2025-07-17 22:37:27,026 tasks 3236 5888 Error processing loan row 121: ['“LOAN_000122” is not a valid UUID.']
ERROR 2025-07-17 22:37:27,032 tasks 3236 5888 Error processing loan row 122: ['“LOAN_000123” is not a valid UUID.']
ERROR 2025-07-17 22:37:27,035 tasks 3236 5888 Error processing loan row 123: ['“LOAN_000124” is not a valid UUID.']
ERROR 2025-07-17 22:37:27,037 tasks 3236 5888 Error processing loan row 124: ['“LOAN_000125” is not a valid UUID.']
ERROR 2025-07-17 22:37:27,040 tasks 3236 5888 Error processing loan row 125: ['“LOAN_000126” is not a valid UUID.']
ERROR 2025-07-17 22:37:27,045 tasks 3236 5888 Error processing loan row 126: ['“LOAN_000127” is not a valid UUID.']
ERROR 2025-07-17 22:37:27,050 tasks 3236 5888 Error processing loan row 127: ['“LOAN_000128” is not a valid UUID.']
ERROR 2025-07-17 22:37:27,052 tasks 3236 5888 Error processing loan row 128: ['“LOAN_000129” is not a valid UUID.']
ERROR 2025-07-17 22:37:27,055 tasks 3236 5888 Error processing loan row 129: ['“LOAN_000130” is not a valid UUID.']
ERROR 2025-07-17 22:37:27,058 tasks 3236 5888 Error processing loan row 130: ['“LOAN_000131” is not a valid UUID.']
ERROR 2025-07-17 22:37:27,062 tasks 3236 5888 Error processing loan row 131: ['“LOAN_000132” is not a valid UUID.']
ERROR 2025-07-17 22:37:27,065 tasks 3236 5888 Error processing loan row 132: ['“LOAN_000133” is not a valid UUID.']
ERROR 2025-07-17 22:37:27,068 tasks 3236 5888 Error processing loan row 133: ['“LOAN_000134” is not a valid UUID.']
ERROR 2025-07-17 22:37:27,070 tasks 3236 5888 Error processing loan row 134: ['“LOAN_000135” is not a valid UUID.']
ERROR 2025-07-17 22:37:27,072 tasks 3236 5888 Error processing loan row 135: ['“LOAN_000136” is not a valid UUID.']
ERROR 2025-07-17 22:37:27,077 tasks 3236 5888 Error processing loan row 136: ['“LOAN_000137” is not a valid UUID.']
ERROR 2025-07-17 22:37:27,081 tasks 3236 5888 Error processing loan row 137: ['“LOAN_000138” is not a valid UUID.']
ERROR 2025-07-17 22:37:27,085 tasks 3236 5888 Error processing loan row 138: ['“LOAN_000139” is not a valid UUID.']
ERROR 2025-07-17 22:37:27,088 tasks 3236 5888 Error processing loan row 139: ['“LOAN_000140” is not a valid UUID.']
ERROR 2025-07-17 22:37:27,089 tasks 3236 5888 Error processing loan row 140: ['“LOAN_000141” is not a valid UUID.']
ERROR 2025-07-17 22:37:27,094 tasks 3236 5888 Error processing loan row 141: ['“LOAN_000142” is not a valid UUID.']
ERROR 2025-07-17 22:37:27,099 tasks 3236 5888 Error processing loan row 142: ['“LOAN_000143” is not a valid UUID.']
ERROR 2025-07-17 22:37:27,103 tasks 3236 5888 Error processing loan row 143: ['“LOAN_000144” is not a valid UUID.']
ERROR 2025-07-17 22:37:27,106 tasks 3236 5888 Error processing loan row 144: ['“LOAN_000145” is not a valid UUID.']
ERROR 2025-07-17 22:37:27,111 tasks 3236 5888 Error processing loan row 145: ['“LOAN_000146” is not a valid UUID.']
ERROR 2025-07-17 22:37:27,115 tasks 3236 5888 Error processing loan row 146: ['“LOAN_000147” is not a valid UUID.']
ERROR 2025-07-17 22:37:27,119 tasks 3236 5888 Error processing loan row 147: ['“LOAN_000148” is not a valid UUID.']
ERROR 2025-07-17 22:37:27,121 tasks 3236 5888 Error processing loan row 148: ['“LOAN_000149” is not a valid UUID.']
ERROR 2025-07-17 22:37:27,123 tasks 3236 5888 Error processing loan row 149: ['“LOAN_000150” is not a valid UUID.']
ERROR 2025-07-17 22:37:27,128 tasks 3236 5888 Error processing loan row 150: ['“LOAN_000151” is not a valid UUID.']
ERROR 2025-07-17 22:37:27,132 tasks 3236 5888 Error processing loan row 151: ['“LOAN_000152” is not a valid UUID.']
ERROR 2025-07-17 22:37:27,134 tasks 3236 5888 Error processing loan row 152: ['“LOAN_000153” is not a valid UUID.']
ERROR 2025-07-17 22:37:27,136 tasks 3236 5888 Error processing loan row 153: ['“LOAN_000154” is not a valid UUID.']
ERROR 2025-07-17 22:37:27,139 tasks 3236 5888 Error processing loan row 154: ['“LOAN_000155” is not a valid UUID.']
ERROR 2025-07-17 22:37:27,144 tasks 3236 5888 Error processing loan row 155: ['“LOAN_000156” is not a valid UUID.']
ERROR 2025-07-17 22:37:27,147 tasks 3236 5888 Error processing loan row 156: ['“LOAN_000157” is not a valid UUID.']
ERROR 2025-07-17 22:37:27,150 tasks 3236 5888 Error processing loan row 157: ['“LOAN_000158” is not a valid UUID.']
ERROR 2025-07-17 22:37:27,152 tasks 3236 5888 Error processing loan row 158: ['“LOAN_000159” is not a valid UUID.']
INFO 2025-07-17 22:37:27,152 tasks 3236 5888 Loan data loading completed: 0 created, 0 updated, 159 errors
ERROR 2025-07-17 22:39:16,101 tasks 3236 5888 Error loading loan data: Error 10061 connecting to localhost:6379. No connection could be made because the target machine actively refused it.
INFO 2025-07-17 22:39:16,105 tasks 3236 5888 Retrying task in 60 seconds (attempt 1/3)
INFO 2025-07-17 22:39:17,229 tasks 3236 5888 Loading loan data from: D:\Alemeno\credit_approval_system\data\loan_data.xlsx
ERROR 2025-07-17 22:39:17,463 tasks 3236 5888 Error processing loan row 0: ['“LOAN_000001” is not a valid UUID.']
ERROR 2025-07-17 22:39:17,480 tasks 3236 5888 Error processing loan row 1: ['“LOAN_000002” is not a valid UUID.']
ERROR 2025-07-17 22:39:17,518 tasks 3236 5888 Error processing loan row 2: ['“LOAN_000003” is not a valid UUID.']
ERROR 2025-07-17 22:39:17,542 tasks 3236 5888 Error processing loan row 3: ['“LOAN_000004” is not a valid UUID.']
ERROR 2025-07-17 22:39:17,547 tasks 3236 5888 Error processing loan row 4: ['“LOAN_000005” is not a valid UUID.']
ERROR 2025-07-17 22:39:17,578 tasks 3236 5888 Error processing loan row 5: ['“LOAN_000006” is not a valid UUID.']
ERROR 2025-07-17 22:39:17,591 tasks 3236 5888 Error processing loan row 6: ['“LOAN_000007” is not a valid UUID.']
ERROR 2025-07-17 22:39:17,610 tasks 3236 5888 Error processing loan row 7: ['“LOAN_000008” is not a valid UUID.']
ERROR 2025-07-17 22:39:17,643 tasks 3236 5888 Error processing loan row 8: ['“LOAN_000009” is not a valid UUID.']
ERROR 2025-07-17 22:39:17,671 tasks 3236 5888 Error processing loan row 9: ['“LOAN_000010” is not a valid UUID.']
ERROR 2025-07-17 22:39:17,696 tasks 3236 5888 Error processing loan row 10: ['“LOAN_000011” is not a valid UUID.']
ERROR 2025-07-17 22:39:17,715 tasks 3236 5888 Error processing loan row 11: ['“LOAN_000012” is not a valid UUID.']
ERROR 2025-07-17 22:39:17,759 tasks 3236 5888 Error processing loan row 12: ['“LOAN_000013” is not a valid UUID.']
ERROR 2025-07-17 22:39:17,781 tasks 3236 5888 Error processing loan row 13: ['“LOAN_000014” is not a valid UUID.']
ERROR 2025-07-17 22:39:17,813 tasks 3236 5888 Error processing loan row 14: ['“LOAN_000015” is not a valid UUID.']
ERROR 2025-07-17 22:39:17,905 tasks 3236 5888 Error processing loan row 15: ['“LOAN_000016” is not a valid UUID.']
ERROR 2025-07-17 22:39:17,926 tasks 3236 5888 Error processing loan row 16: ['“LOAN_000017” is not a valid UUID.']
ERROR 2025-07-17 22:39:17,962 tasks 3236 5888 Error processing loan row 17: ['“LOAN_000018” is not a valid UUID.']
ERROR 2025-07-17 22:39:18,039 tasks 3236 5888 Error processing loan row 18: ['“LOAN_000019” is not a valid UUID.']
ERROR 2025-07-17 22:39:18,051 tasks 3236 5888 Error processing loan row 19: ['“LOAN_000020” is not a valid UUID.']
ERROR 2025-07-17 22:39:18,082 tasks 3236 5888 Error processing loan row 20: ['“LOAN_000021” is not a valid UUID.']
ERROR 2025-07-17 22:39:18,141 tasks 3236 5888 Error processing loan row 21: ['“LOAN_000022” is not a valid UUID.']
ERROR 2025-07-17 22:39:18,164 tasks 3236 5888 Error processing loan row 22: ['“LOAN_000023” is not a valid UUID.']
ERROR 2025-07-17 22:39:18,220 tasks 3236 5888 Error processing loan row 23: ['“LOAN_000024” is not a valid UUID.']
ERROR 2025-07-17 22:39:18,255 tasks 3236 5888 Error processing loan row 24: ['“LOAN_000025” is not a valid UUID.']
ERROR 2025-07-17 22:39:18,282 tasks 3236 5888 Error processing loan row 25: ['“LOAN_000026” is not a valid UUID.']
ERROR 2025-07-17 22:39:18,352 tasks 3236 5888 Error processing loan row 26: ['“LOAN_000027” is not a valid UUID.']
ERROR 2025-07-17 22:39:18,407 tasks 3236 5888 Error processing loan row 27: ['“LOAN_000028” is not a valid UUID.']
ERROR 2025-07-17 22:39:18,445 tasks 3236 5888 Error processing loan row 28: ['“LOAN_000029” is not a valid UUID.']
ERROR 2025-07-17 22:39:18,492 tasks 3236 5888 Error processing loan row 29: ['“LOAN_000030” is not a valid UUID.']
ERROR 2025-07-17 22:39:18,530 tasks 3236 5888 Error processing loan row 30: ['“LOAN_000031” is not a valid UUID.']
ERROR 2025-07-17 22:39:18,597 tasks 3236 5888 Error processing loan row 31: ['“LOAN_000032” is not a valid UUID.']
ERROR 2025-07-17 22:39:18,625 tasks 3236 5888 Error processing loan row 32: ['“LOAN_000033” is not a valid UUID.']
ERROR 2025-07-17 22:39:18,657 tasks 3236 5888 Error processing loan row 33: ['“LOAN_000034” is not a valid UUID.']
ERROR 2025-07-17 22:39:18,680 tasks 3236 5888 Error processing loan row 34: ['“LOAN_000035” is not a valid UUID.']
ERROR 2025-07-17 22:39:18,747 tasks 3236 5888 Error processing loan row 35: ['“LOAN_000036” is not a valid UUID.']
ERROR 2025-07-17 22:39:18,761 tasks 3236 5888 Error processing loan row 36: ['“LOAN_000037” is not a valid UUID.']
ERROR 2025-07-17 22:39:18,776 tasks 3236 5888 Error processing loan row 37: ['“LOAN_000038” is not a valid UUID.']
ERROR 2025-07-17 22:39:18,833 tasks 3236 5888 Error processing loan row 38: ['“LOAN_000039” is not a valid UUID.']
ERROR 2025-07-17 22:39:18,860 tasks 3236 5888 Error processing loan row 39: ['“LOAN_000040” is not a valid UUID.']
ERROR 2025-07-17 22:39:18,888 tasks 3236 5888 Error processing loan row 40: ['“LOAN_000041” is not a valid UUID.']
ERROR 2025-07-17 22:39:18,957 tasks 3236 5888 Error processing loan row 41: ['“LOAN_000042” is not a valid UUID.']
ERROR 2025-07-17 22:39:18,980 tasks 3236 5888 Error processing loan row 42: ['“LOAN_000043” is not a valid UUID.']
ERROR 2025-07-17 22:39:19,011 tasks 3236 5888 Error processing loan row 43: ['“LOAN_000044” is not a valid UUID.']
ERROR 2025-07-17 22:39:19,035 tasks 3236 5888 Error processing loan row 44: ['“LOAN_000045” is not a valid UUID.']
ERROR 2025-07-17 22:39:19,075 tasks 3236 5888 Error processing loan row 45: ['“LOAN_000046” is not a valid UUID.']
ERROR 2025-07-17 22:39:19,098 tasks 3236 5888 Error processing loan row 46: ['“LOAN_000047” is not a valid UUID.']
ERROR 2025-07-17 22:39:19,124 tasks 3236 5888 Error processing loan row 47: ['“LOAN_000048” is not a valid UUID.']
ERROR 2025-07-17 22:39:19,148 tasks 3236 5888 Error processing loan row 48: ['“LOAN_000049” is not a valid UUID.']
ERROR 2025-07-17 22:39:19,176 tasks 3236 5888 Error processing loan row 49: ['“LOAN_000050” is not a valid UUID.']
ERROR 2025-07-17 22:39:19,193 tasks 3236 5888 Error processing loan row 50: ['“LOAN_000051” is not a valid UUID.']
ERROR 2025-07-17 22:39:19,214 tasks 3236 5888 Error processing loan row 51: ['“LOAN_000052” is not a valid UUID.']
ERROR 2025-07-17 22:39:19,230 tasks 3236 5888 Error processing loan row 52: ['“LOAN_000053” is not a valid UUID.']
ERROR 2025-07-17 22:39:19,246 tasks 3236 5888 Error processing loan row 53: ['“LOAN_000054” is not a valid UUID.']
ERROR 2025-07-17 22:39:19,279 tasks 3236 5888 Error processing loan row 54: ['“LOAN_000055” is not a valid UUID.']
ERROR 2025-07-17 22:39:19,298 tasks 3236 5888 Error processing loan row 55: ['“LOAN_000056” is not a valid UUID.']
ERROR 2025-07-17 22:39:19,324 tasks 3236 5888 Error processing loan row 56: ['“LOAN_000057” is not a valid UUID.']
ERROR 2025-07-17 22:39:19,341 tasks 3236 5888 Error processing loan row 57: ['“LOAN_000058” is not a valid UUID.']
ERROR 2025-07-17 22:39:19,353 tasks 3236 5888 Error processing loan row 58: ['“LOAN_000059” is not a valid UUID.']
ERROR 2025-07-17 22:39:19,384 tasks 3236 5888 Error processing loan row 59: ['“LOAN_000060” is not a valid UUID.']
ERROR 2025-07-17 22:39:19,441 tasks 3236 5888 Error processing loan row 60: ['“LOAN_000061” is not a valid UUID.']
ERROR 2025-07-17 22:39:19,461 tasks 3236 5888 Error processing loan row 61: ['“LOAN_000062” is not a valid UUID.']
ERROR 2025-07-17 22:39:19,555 tasks 3236 5888 Error processing loan row 62: ['“LOAN_000063” is not a valid UUID.']
ERROR 2025-07-17 22:39:19,562 tasks 3236 5888 Error processing loan row 63: ['“LOAN_000064” is not a valid UUID.']
ERROR 2025-07-17 22:39:19,579 tasks 3236 5888 Error processing loan row 64: ['“LOAN_000065” is not a valid UUID.']
ERROR 2025-07-17 22:39:19,597 tasks 3236 5888 Error processing loan row 65: ['“LOAN_000066” is not a valid UUID.']
ERROR 2025-07-17 22:39:19,643 tasks 3236 5888 Error processing loan row 66: ['“LOAN_000067” is not a valid UUID.']
ERROR 2025-07-17 22:39:19,678 tasks 3236 5888 Error processing loan row 67: ['“LOAN_000068” is not a valid UUID.']
ERROR 2025-07-17 22:39:19,695 tasks 3236 5888 Error processing loan row 68: ['“LOAN_000069” is not a valid UUID.']
ERROR 2025-07-17 22:39:19,729 tasks 3236 5888 Error processing loan row 69: ['“LOAN_000070” is not a valid UUID.']
ERROR 2025-07-17 22:39:19,767 tasks 3236 5888 Error processing loan row 70: ['“LOAN_000071” is not a valid UUID.']
ERROR 2025-07-17 22:39:19,791 tasks 3236 5888 Error processing loan row 71: ['“LOAN_000072” is not a valid UUID.']
ERROR 2025-07-17 22:39:19,806 tasks 3236 5888 Error processing loan row 72: ['“LOAN_000073” is not a valid UUID.']
ERROR 2025-07-17 22:39:19,826 tasks 3236 5888 Error processing loan row 73: ['“LOAN_000074” is not a valid UUID.']
ERROR 2025-07-17 22:39:20,092 tasks 3236 5888 Error processing loan row 74: ['“LOAN_000075” is not a valid UUID.']
ERROR 2025-07-17 22:39:20,109 tasks 3236 5888 Error processing loan row 75: ['“LOAN_000076” is not a valid UUID.']
ERROR 2025-07-17 22:39:20,126 tasks 3236 5888 Error processing loan row 76: ['“LOAN_000077” is not a valid UUID.']
ERROR 2025-07-17 22:39:20,148 tasks 3236 5888 Error processing loan row 77: ['“LOAN_000078” is not a valid UUID.']
ERROR 2025-07-17 22:39:20,184 tasks 3236 5888 Error processing loan row 78: ['“LOAN_000079” is not a valid UUID.']
ERROR 2025-07-17 22:39:20,242 tasks 3236 5888 Error processing loan row 79: ['“LOAN_000080” is not a valid UUID.']
ERROR 2025-07-17 22:39:20,260 tasks 3236 5888 Error processing loan row 80: ['“LOAN_000081” is not a valid UUID.']
ERROR 2025-07-17 22:39:20,291 tasks 3236 5888 Error processing loan row 81: ['“LOAN_000082” is not a valid UUID.']
ERROR 2025-07-17 22:39:20,331 tasks 3236 5888 Error processing loan row 82: ['“LOAN_000083” is not a valid UUID.']
ERROR 2025-07-17 22:39:20,361 tasks 3236 5888 Error processing loan row 83: ['“LOAN_000084” is not a valid UUID.']
ERROR 2025-07-17 22:39:20,377 tasks 3236 5888 Error processing loan row 84: ['“LOAN_000085” is not a valid UUID.']
ERROR 2025-07-17 22:39:20,412 tasks 3236 5888 Error processing loan row 85: ['“LOAN_000086” is not a valid UUID.']
ERROR 2025-07-17 22:39:20,453 tasks 3236 5888 Error processing loan row 86: ['“LOAN_000087” is not a valid UUID.']
ERROR 2025-07-17 22:39:20,478 tasks 3236 5888 Error processing loan row 87: ['“LOAN_000088” is not a valid UUID.']
ERROR 2025-07-17 22:39:20,508 tasks 3236 5888 Error processing loan row 88: ['“LOAN_000089” is not a valid UUID.']
ERROR 2025-07-17 22:39:20,547 tasks 3236 5888 Error processing loan row 89: ['“LOAN_000090” is not a valid UUID.']
ERROR 2025-07-17 22:39:20,603 tasks 3236 5888 Error processing loan row 90: ['“LOAN_000091” is not a valid UUID.']
ERROR 2025-07-17 22:39:20,612 tasks 3236 5888 Error processing loan row 91: ['“LOAN_000092” is not a valid UUID.']
ERROR 2025-07-17 22:39:20,631 tasks 3236 5888 Error processing loan row 92: ['“LOAN_000093” is not a valid UUID.']
ERROR 2025-07-17 22:39:20,661 tasks 3236 5888 Error processing loan row 93: ['“LOAN_000094” is not a valid UUID.']
ERROR 2025-07-17 22:39:20,704 tasks 3236 5888 Error processing loan row 94: ['“LOAN_000095” is not a valid UUID.']
ERROR 2025-07-17 22:39:20,724 tasks 3236 5888 Error processing loan row 95: ['“LOAN_000096” is not a valid UUID.']
ERROR 2025-07-17 22:39:20,741 tasks 3236 5888 Error processing loan row 96: ['“LOAN_000097” is not a valid UUID.']
ERROR 2025-07-17 22:39:20,764 tasks 3236 5888 Error processing loan row 97: ['“LOAN_000098” is not a valid UUID.']
ERROR 2025-07-17 22:39:20,806 tasks 3236 5888 Error processing loan row 98: ['“LOAN_000099” is not a valid UUID.']
ERROR 2025-07-17 22:39:20,828 tasks 3236 5888 Error processing loan row 99: ['“LOAN_000100” is not a valid UUID.']
ERROR 2025-07-17 22:39:20,845 tasks 3236 5888 Error processing loan row 100: ['“LOAN_000101” is not a valid UUID.']
ERROR 2025-07-17 22:39:20,861 tasks 3236 5888 Error processing loan row 101: ['“LOAN_000102” is not a valid UUID.']
ERROR 2025-07-17 22:39:20,880 tasks 3236 5888 Error processing loan row 102: ['“LOAN_000103” is not a valid UUID.']
ERROR 2025-07-17 22:39:20,912 tasks 3236 5888 Error processing loan row 103: ['“LOAN_000104” is not a valid UUID.']
ERROR 2025-07-17 22:39:20,929 tasks 3236 5888 Error processing loan row 104: ['“LOAN_000105” is not a valid UUID.']
ERROR 2025-07-17 22:39:20,945 tasks 3236 5888 Error processing loan row 105: ['“LOAN_000106” is not a valid UUID.']
ERROR 2025-07-17 22:39:20,976 tasks 3236 5888 Error processing loan row 106: ['“LOAN_000107” is not a valid UUID.']
ERROR 2025-07-17 22:39:20,998 tasks 3236 5888 Error processing loan row 107: ['“LOAN_000108” is not a valid UUID.']
ERROR 2025-07-17 22:39:21,043 tasks 3236 5888 Error processing loan row 108: ['“LOAN_000109” is not a valid UUID.']
ERROR 2025-07-17 22:39:21,058 tasks 3236 5888 Error processing loan row 109: ['“LOAN_000110” is not a valid UUID.']
ERROR 2025-07-17 22:39:21,078 tasks 3236 5888 Error processing loan row 110: ['“LOAN_000111” is not a valid UUID.']
ERROR 2025-07-17 22:39:21,107 tasks 3236 5888 Error processing loan row 111: ['“LOAN_000112” is not a valid UUID.']
ERROR 2025-07-17 22:39:21,120 tasks 3236 5888 Error processing loan row 112: ['“LOAN_000113” is not a valid UUID.']
ERROR 2025-07-17 22:39:21,148 tasks 3236 5888 Error processing loan row 113: ['“LOAN_000114” is not a valid UUID.']
ERROR 2025-07-17 22:39:21,191 tasks 3236 5888 Error processing loan row 114: ['“LOAN_000115” is not a valid UUID.']
ERROR 2025-07-17 22:39:21,217 tasks 3236 5888 Error processing loan row 115: ['“LOAN_000116” is not a valid UUID.']
ERROR 2025-07-17 22:39:21,243 tasks 3236 5888 Error processing loan row 116: ['“LOAN_000117” is not a valid UUID.']
ERROR 2025-07-17 22:39:21,275 tasks 3236 5888 Error processing loan row 117: ['“LOAN_000118” is not a valid UUID.']
ERROR 2025-07-17 22:39:21,292 tasks 3236 5888 Error processing loan row 118: ['“LOAN_000119” is not a valid UUID.']
ERROR 2025-07-17 22:39:21,307 tasks 3236 5888 Error processing loan row 119: ['“LOAN_000120” is not a valid UUID.']
ERROR 2025-07-17 22:39:21,318 tasks 3236 5888 Error processing loan row 120: ['“LOAN_000121” is not a valid UUID.']
ERROR 2025-07-17 22:39:21,342 tasks 3236 5888 Error processing loan row 121: ['“LOAN_000122” is not a valid UUID.']
ERROR 2025-07-17 22:39:21,390 tasks 3236 5888 Error processing loan row 122: ['“LOAN_000123” is not a valid UUID.']
ERROR 2025-07-17 22:39:21,423 tasks 3236 5888 Error processing loan row 123: ['“LOAN_000124” is not a valid UUID.']
ERROR 2025-07-17 22:39:21,448 tasks 3236 5888 Error processing loan row 124: ['“LOAN_000125” is not a valid UUID.']
ERROR 2025-07-17 22:39:21,486 tasks 3236 5888 Error processing loan row 125: ['“LOAN_000126” is not a valid UUID.']
ERROR 2025-07-17 22:39:21,540 tasks 3236 5888 Error processing loan row 126: ['“LOAN_000127” is not a valid UUID.']
ERROR 2025-07-17 22:39:21,559 tasks 3236 5888 Error processing loan row 127: ['“LOAN_000128” is not a valid UUID.']
ERROR 2025-07-17 22:39:21,586 tasks 3236 5888 Error processing loan row 128: ['“LOAN_000129” is not a valid UUID.']
ERROR 2025-07-17 22:39:21,635 tasks 3236 5888 Error processing loan row 129: ['“LOAN_000130” is not a valid UUID.']
ERROR 2025-07-17 22:39:21,674 tasks 3236 5888 Error processing loan row 130: ['“LOAN_000131” is not a valid UUID.']
ERROR 2025-07-17 22:39:21,705 tasks 3236 5888 Error processing loan row 131: ['“LOAN_000132” is not a valid UUID.']
ERROR 2025-07-17 22:39:21,720 tasks 3236 5888 Error processing loan row 132: ['“LOAN_000133” is not a valid UUID.']
ERROR 2025-07-17 22:39:21,759 tasks 3236 5888 Error processing loan row 133: ['“LOAN_000134” is not a valid UUID.']
ERROR 2025-07-17 22:39:21,773 tasks 3236 5888 Error processing loan row 134: ['“LOAN_000135” is not a valid UUID.']
ERROR 2025-07-17 22:39:21,789 tasks 3236 5888 Error processing loan row 135: ['“LOAN_000136” is not a valid UUID.']
ERROR 2025-07-17 22:39:21,812 tasks 3236 5888 Error processing loan row 136: ['“LOAN_000137” is not a valid UUID.']
ERROR 2025-07-17 22:39:21,890 tasks 3236 5888 Error processing loan row 137: ['“LOAN_000138” is not a valid UUID.']
ERROR 2025-07-17 22:39:21,908 tasks 3236 5888 Error processing loan row 138: ['“LOAN_000139” is not a valid UUID.']
ERROR 2025-07-17 22:39:21,922 tasks 3236 5888 Error processing loan row 139: ['“LOAN_000140” is not a valid UUID.']
ERROR 2025-07-17 22:39:21,941 tasks 3236 5888 Error processing loan row 140: ['“LOAN_000141” is not a valid UUID.']
ERROR 2025-07-17 22:39:21,978 tasks 3236 5888 Error processing loan row 141: ['“LOAN_000142” is not a valid UUID.']
ERROR 2025-07-17 22:39:22,041 tasks 3236 5888 Error processing loan row 142: ['“LOAN_000143” is not a valid UUID.']
ERROR 2025-07-17 22:39:22,060 tasks 3236 5888 Error processing loan row 143: ['“LOAN_000144” is not a valid UUID.']
ERROR 2025-07-17 22:39:22,094 tasks 3236 5888 Error processing loan row 144: ['“LOAN_000145” is not a valid UUID.']
ERROR 2025-07-17 22:39:22,140 tasks 3236 5888 Error processing loan row 145: ['“LOAN_000146” is not a valid UUID.']
ERROR 2025-07-17 22:39:22,177 tasks 3236 5888 Error processing loan row 146: ['“LOAN_000147” is not a valid UUID.']
ERROR 2025-07-17 22:39:22,243 tasks 3236 5888 Error processing loan row 147: ['“LOAN_000148” is not a valid UUID.']
ERROR 2025-07-17 22:39:22,321 tasks 3236 5888 Error processing loan row 148: ['“LOAN_000149” is not a valid UUID.']
ERROR 2025-07-17 22:39:22,705 tasks 3236 5888 Error processing loan row 149: ['“LOAN_000150” is not a valid UUID.']
ERROR 2025-07-17 22:39:22,728 tasks 3236 5888 Error processing loan row 150: ['“LOAN_000151” is not a valid UUID.']
ERROR 2025-07-17 22:39:22,747 tasks 3236 5888 Error processing loan row 151: ['“LOAN_000152” is not a valid UUID.']
ERROR 2025-07-17 22:39:22,877 tasks 3236 5888 Error processing loan row 152: ['“LOAN_000153” is not a valid UUID.']
ERROR 2025-07-17 22:39:22,892 tasks 3236 5888 Error processing loan row 153: ['“LOAN_000154” is not a valid UUID.']
ERROR 2025-07-17 22:39:22,955 tasks 3236 5888 Error processing loan row 154: ['“LOAN_000155” is not a valid UUID.']
ERROR 2025-07-17 22:39:22,975 tasks 3236 5888 Error processing loan row 155: ['“LOAN_000156” is not a valid UUID.']
ERROR 2025-07-17 22:39:23,003 tasks 3236 5888 Error processing loan row 156: ['“LOAN_000157” is not a valid UUID.']
ERROR 2025-07-17 22:39:23,040 tasks 3236 5888 Error processing loan row 157: ['“LOAN_000158” is not a valid UUID.']
ERROR 2025-07-17 22:39:23,060 tasks 3236 5888 Error processing loan row 158: ['“LOAN_000159” is not a valid UUID.']
INFO 2025-07-17 22:39:23,061 tasks 3236 5888 Loan data loading completed: 0 created, 0 updated, 159 errors
INFO 2025-07-17 22:40:53,529 autoreload 15756 19944 D:\Alemeno\credit_approval_system\credit_system\core\models.py changed, reloading.
INFO 2025-07-17 22:40:54,745 autoreload 23168 8488 D:\Alemeno\credit_approval_system\credit_system\core\models.py changed, reloading.
INFO 2025-07-17 22:40:59,395 autoreload 23372 18892 Watching for file changes with StatReloader
INFO 2025-07-17 22:41:00,409 autoreload 14960 3272 Watching for file changes with StatReloader
INFO 2025-07-17 22:44:55,021 tasks 19148 17156 Loading loan data from: D:\Alemeno\credit_approval_system\data\loan_data.xlsx
INFO 2025-07-17 22:44:55,748 tasks 19148 17156 Created loan: 369d0cc2-016a-4563-ad24-18cadba799ad for Neha Sharma
INFO 2025-07-17 22:44:55,757 tasks 19148 17156 Created loan: 4d490b1f-7a1a-4665-8a76-299c0f93bc24 for Neha Sharma
INFO 2025-07-17 22:44:55,769 tasks 19148 17156 Created loan: 5d37c579-2595-4e1e-8357-c5818eabfe03 for Neha Sharma
INFO 2025-07-17 22:44:55,780 tasks 19148 17156 Created loan: 2edecbc1-be59-4c72-82f7-5285abb606f6 for Neha Sharma
INFO 2025-07-17 22:44:55,786 tasks 19148 17156 Created loan: f96371dc-ef27-4f67-bd4e-90d309597108 for Neha Sharma
INFO 2025-07-17 22:44:55,799 tasks 19148 17156 Created loan: b11349df-366e-4b74-8a3c-59ff79c6b8f8 for Neha Mishra
INFO 2025-07-17 22:44:55,809 tasks 19148 17156 Created loan: 4ce66268-9719-4ceb-9ac0-59721a14eebd for Rahul Singh
INFO 2025-07-17 22:44:55,819 tasks 19148 17156 Created loan: 798dfd2b-bc24-4f1f-9f5e-c0792cb0bece for Rahul Singh
INFO 2025-07-17 22:44:55,829 tasks 19148 17156 Created loan: 9dbf9f4a-03ab-4acb-b9eb-2d233f345c8a for Rekha Verma
INFO 2025-07-17 22:44:55,842 tasks 19148 17156 Created loan: 776e1bc6-d18e-4d3a-a936-368bcb600e76 for Rekha Verma
INFO 2025-07-17 22:44:55,852 tasks 19148 17156 Created loan: a1f9ce96-9320-4a64-aa89-106731bee86f for Sandeep Sharma
INFO 2025-07-17 22:44:55,862 tasks 19148 17156 Created loan: bebb195b-d698-4b73-a088-0ce870607e00 for Sandeep Sharma
INFO 2025-07-17 22:44:55,870 tasks 19148 17156 Created loan: 195ddb68-1e7a-4c0b-b9c5-5a8255ff17dd for Ravi Reddy
INFO 2025-07-17 22:44:55,880 tasks 19148 17156 Created loan: b9c95477-e959-4382-867d-76c4041c5cab for Ravi Reddy
INFO 2025-07-17 22:44:55,893 tasks 19148 17156 Created loan: 68fb5d0c-78bb-4e2d-a730-a3b36b360722 for Ravi Reddy
INFO 2025-07-17 22:44:55,903 tasks 19148 17156 Created loan: 96945ea6-f534-4f15-8701-ddc9fc5ec00f for Geeta Nair
INFO 2025-07-17 22:44:55,915 tasks 19148 17156 Created loan: 3379c2ed-e33f-4adc-b2c4-96d678bdc34a for Geeta Nair
INFO 2025-07-17 22:44:55,929 tasks 19148 17156 Created loan: b54fcf57-7f1d-4065-8013-c5010ebce85c for Geeta Nair
INFO 2025-07-17 22:44:55,937 tasks 19148 17156 Created loan: 9ca6ea38-a385-474b-895c-f076a10304f7 for Geeta Nair
INFO 2025-07-17 22:44:55,948 tasks 19148 17156 Created loan: 860bc13f-38a1-469c-bb01-7dccddfe206b for Geeta Nair
INFO 2025-07-17 22:44:55,958 tasks 19148 17156 Created loan: db419d5c-53aa-4e57-8b91-2d244b2f3eea for Karan Saxena
INFO 2025-07-17 22:44:55,967 tasks 19148 17156 Created loan: 86a4e59a-9452-48cd-aa1b-a19841b994c3 for Karan Saxena
INFO 2025-07-17 22:44:55,977 tasks 19148 17156 Created loan: a0284fc8-4ae4-4b4d-81bf-a3d7e9bba1b6 for Ashok Pandey
INFO 2025-07-17 22:44:55,985 tasks 19148 17156 Created loan: 0a772489-c1c0-4dc3-9392-6419e2941a53 for Priya Mishra
INFO 2025-07-17 22:44:55,998 tasks 19148 17156 Created loan: db4a4743-2484-43c2-b691-c750d3208264 for Priya Mishra
INFO 2025-07-17 22:44:56,010 tasks 19148 17156 Created loan: 4f0081ec-e5c1-47b8-8cee-1f666d217f31 for Deepika Joshi
INFO 2025-07-17 22:44:56,021 tasks 19148 17156 Created loan: fd7e6597-9092-4cfa-b241-83c3f352648d for Deepika Joshi
INFO 2025-07-17 22:44:56,032 tasks 19148 17156 Created loan: e3beb240-59df-4ae6-871c-09e4a9afb925 for Deepika Joshi
INFO 2025-07-17 22:44:56,046 tasks 19148 17156 Created loan: a15e257c-29a4-412c-8a4e-c10f563b4818 for Deepika Joshi
INFO 2025-07-17 22:44:56,056 tasks 19148 17156 Created loan: 497e389d-6f6f-4303-9202-95959fae53b8 for Praveen Mishra
INFO 2025-07-17 22:44:56,067 tasks 19148 17156 Created loan: 13d4f9ff-d5db-4e69-8f09-e5a8f4838df6 for Praveen Mishra
INFO 2025-07-17 22:44:56,078 tasks 19148 17156 Created loan: f09d7908-f9f2-4305-bcd7-5e1c702acbcd for Praveen Mishra
INFO 2025-07-17 22:44:56,094 tasks 19148 17156 Created loan: b80bfff9-895a-4595-8fa5-88bbd9bc3c3b for Praveen Mishra
INFO 2025-07-17 22:44:56,104 tasks 19148 17156 Created loan: 1484ce51-c1ad-4977-9b79-db7f2135cd81 for Praveen Mishra
INFO 2025-07-17 22:44:56,116 tasks 19148 17156 Created loan: 82f1550e-b748-4b98-a182-3bf4424053c5 for Rajesh Yadav
INFO 2025-07-17 22:44:56,126 tasks 19148 17156 Created loan: a246fc3a-8eec-438b-a8b5-10936cf782f4 for Rajesh Yadav
INFO 2025-07-17 22:44:56,135 tasks 19148 17156 Created loan: 653c8135-86c6-462a-a5db-a3678067c63f for Rajesh Yadav
INFO 2025-07-17 22:44:56,144 tasks 19148 17156 Created loan: 62831e23-05c6-420f-963e-4d48ff9b7607 for Rajesh Yadav
INFO 2025-07-17 22:44:56,152 tasks 19148 17156 Created loan: a2808171-3c87-448f-bf1d-63f35895130e for Rajesh Yadav
INFO 2025-07-17 22:44:56,164 tasks 19148 17156 Created loan: 38388cf9-1a28-4352-9399-43f565553a81 for Rajesh Yadav
INFO 2025-07-17 22:44:56,174 tasks 19148 17156 Created loan: 648fb863-1383-4c03-98e1-86080d2eda6e for Nitin Patel
INFO 2025-07-17 22:44:56,184 tasks 19148 17156 Created loan: 393880e4-3528-4a82-8e10-6feaa9f8b849 for Nitin Patel
INFO 2025-07-17 22:44:56,195 tasks 19148 17156 Created loan: 3d16c8d9-9d98-469c-b946-f4f17ddb1a36 for Nitin Patel
INFO 2025-07-17 22:44:56,202 tasks 19148 17156 Created loan: 6b59f2da-9d36-40b5-b3be-0b754b575e17 for Nitin Patel
INFO 2025-07-17 22:44:56,216 tasks 19148 17156 Created loan: 24423474-204a-4956-8ab2-52ae4af0aa40 for Nitin Patel
INFO 2025-07-17 22:44:56,225 tasks 19148 17156 Created loan: f53e7253-8a38-429e-86dc-471767eec9c8 for Nitin Patel
INFO 2025-07-17 22:44:56,234 tasks 19148 17156 Created loan: c3dcd078-1cc3-4863-b15f-a44bc00ad718 for Sandeep Singh
INFO 2025-07-17 22:44:56,244 tasks 19148 17156 Created loan: 7a5f9df3-dcc8-4e61-958c-64647570c3c3 for Sandeep Singh
INFO 2025-07-17 22:44:56,251 tasks 19148 17156 Created loan: 27c1119e-ce00-45e7-9294-cf0aa28fd0f6 for Sandeep Singh
INFO 2025-07-17 22:44:56,262 tasks 19148 17156 Created loan: 5d0576e0-3b3d-450e-b654-238267a83f90 for Sandeep Singh
INFO 2025-07-17 22:44:56,271 tasks 19148 17156 Created loan: ab2c7ff1-216c-4e3c-b15d-ad53aca12289 for Sandeep Singh
INFO 2025-07-17 22:44:56,282 tasks 19148 17156 Created loan: 11359718-3ce0-4979-8eaa-0897c6e34cb9 for Sandeep Singh
INFO 2025-07-17 22:44:56,292 tasks 19148 17156 Created loan: 854a8c98-8f35-40b0-96bf-795b23f8cf6b for Ravi Pandey
INFO 2025-07-17 22:44:56,300 tasks 19148 17156 Created loan: ba85024c-e213-45da-aa63-251ce5c1ca1f for Ravi Pandey
INFO 2025-07-17 22:44:56,311 tasks 19148 17156 Created loan: 522230b2-8963-42d4-a738-a0fa43adf387 for Karan Gupta
INFO 2025-07-17 22:44:56,319 tasks 19148 17156 Created loan: f75ac37d-bcdb-4000-89e9-1c2eae5df738 for Karan Gupta
INFO 2025-07-17 22:44:56,331 tasks 19148 17156 Created loan: fabba1ba-aede-4a7b-8f7b-c657c1a0c163 for Karan Gupta
INFO 2025-07-17 22:44:56,341 tasks 19148 17156 Created loan: 515484fb-3769-42d6-93b3-a4d95109e667 for Karan Gupta
INFO 2025-07-17 22:44:56,352 tasks 19148 17156 Created loan: df1162ee-567e-44fa-8191-41c91327d376 for Karan Gupta
INFO 2025-07-17 22:44:56,362 tasks 19148 17156 Created loan: 189d4d53-22c5-42f4-b580-9333492ebebf for Rekha Mehta
INFO 2025-07-17 22:44:56,370 tasks 19148 17156 Created loan: 43d754c6-e1a7-49bf-9fba-5f31c60be0b3 for Rekha Mehta
INFO 2025-07-17 22:44:56,384 tasks 19148 17156 Created loan: 7b7fd09b-9296-468c-9059-3c0ccf849fc9 for Rekha Mehta
INFO 2025-07-17 22:44:56,397 tasks 19148 17156 Created loan: 5c01b766-af97-4e33-923a-93aa5093a056 for Priya Kumar
INFO 2025-07-17 22:44:56,409 tasks 19148 17156 Created loan: 19728627-40f7-413f-b11d-e52a1dd55d24 for Priya Kumar
INFO 2025-07-17 22:44:56,419 tasks 19148 17156 Created loan: e9d6ef64-bf9c-4b1f-ad49-d7464f048909 for Priya Kumar
INFO 2025-07-17 22:44:56,431 tasks 19148 17156 Created loan: 2633f1cc-87e9-4f85-b7da-3fd4a20b6a80 for Priya Kumar
INFO 2025-07-17 22:44:56,447 tasks 19148 17156 Created loan: 8dda4d88-5b40-4840-8830-28b722960cc5 for Sunita Sinha
INFO 2025-07-17 22:44:56,460 tasks 19148 17156 Created loan: 83ea50fa-7940-48fc-b3e3-802866008669 for Sunita Sinha
INFO 2025-07-17 22:44:56,468 tasks 19148 17156 Created loan: bcbb2e59-5e33-46e2-aae2-91f2876fd8b0 for Sunita Sinha
INFO 2025-07-17 22:44:56,480 tasks 19148 17156 Created loan: 0210bd18-2ffa-4a74-bbc3-6c4fa21c5a1d for Sunita Sinha
INFO 2025-07-17 22:44:56,488 tasks 19148 17156 Created loan: 88deff7e-d203-4849-8a1f-3974afff00c8 for Sunita Sinha
INFO 2025-07-17 22:44:56,500 tasks 19148 17156 Created loan: c20b9cd0-fc08-4d11-b42a-3634a751da88 for Sunita Sinha
INFO 2025-07-17 22:44:56,511 tasks 19148 17156 Created loan: 3a47fb53-9bd3-4816-9eae-e58cfb72e0c1 for Anil Mehta
INFO 2025-07-17 22:44:56,520 tasks 19148 17156 Created loan: e7b856f7-d05e-477e-924b-1feec8313fd9 for Anil Mehta
INFO 2025-07-17 22:44:56,532 tasks 19148 17156 Created loan: d022af92-728a-413e-a201-71272bf906bf for Anil Mehta
INFO 2025-07-17 22:44:56,542 tasks 19148 17156 Created loan: ead05f5a-f847-47d7-acec-51ff07d257de for Anil Mehta
INFO 2025-07-17 22:44:56,553 tasks 19148 17156 Created loan: ea422ea0-3d8b-4fc4-9e80-9b68456f6db3 for Anil Mehta
INFO 2025-07-17 22:44:56,566 tasks 19148 17156 Created loan: 5f1a3928-07b1-48fe-8a3f-c307479d9b15 for Sunita Joshi
INFO 2025-07-17 22:44:56,579 tasks 19148 17156 Created loan: a4c30405-4630-49f9-a9ec-c94a38cf6e66 for Sunita Joshi
INFO 2025-07-17 22:44:56,589 tasks 19148 17156 Created loan: 0e8624a1-8c1a-408b-a7dc-1f6ada8d5808 for Sunita Joshi
INFO 2025-07-17 22:44:56,602 tasks 19148 17156 Created loan: d12a5303-b125-4cf7-bede-b7540dbc654b for Sunita Joshi
INFO 2025-07-17 22:44:56,611 tasks 19148 17156 Created loan: 12a30a7f-9e23-401b-a442-1b7adeee6f7c for Sunita Joshi
INFO 2025-07-17 22:44:56,618 tasks 19148 17156 Created loan: 83f75a83-5a28-455e-9cf0-e89f3cf677a7 for Geeta Pandey
INFO 2025-07-17 22:44:56,629 tasks 19148 17156 Created loan: b61c53fe-b3b3-49e9-b029-56709118d4e9 for Geeta Pandey
INFO 2025-07-17 22:44:56,636 tasks 19148 17156 Created loan: d268fef9-526d-49cd-9c2f-5bef3af7a58d for Geeta Pandey
INFO 2025-07-17 22:44:56,648 tasks 19148 17156 Created loan: 396caa10-b4bb-48f3-b4d7-51266a6eba55 for Geeta Pandey
INFO 2025-07-17 22:44:56,659 tasks 19148 17156 Created loan: 64106776-01e5-47d7-852c-5d044e6bcce1 for Vikram Nair
INFO 2025-07-17 22:44:56,668 tasks 19148 17156 Created loan: ceff8f60-d0eb-4b73-965f-141e4edc7246 for Anil Sharma
INFO 2025-07-17 22:44:56,681 tasks 19148 17156 Created loan: 6771dc6c-b195-4515-99bd-44fe74053d24 for Usha Nair
INFO 2025-07-17 22:44:56,691 tasks 19148 17156 Created loan: 1c1ccdeb-4e8f-4c0c-8224-ba8b448e18fb for Usha Nair
INFO 2025-07-17 22:44:56,700 tasks 19148 17156 Created loan: 44d954a9-3cc2-43a7-8051-4ab035546f0c for Rekha Gupta
INFO 2025-07-17 22:44:56,711 tasks 19148 17156 Created loan: 029ecf26-0041-4f8b-a875-12f6b0e63a83 for Rekha Gupta
INFO 2025-07-17 22:44:56,717 tasks 19148 17156 Created loan: aff7e8ad-cdd0-4e4c-949a-63850c5da361 for Rekha Gupta
INFO 2025-07-17 22:44:56,727 tasks 19148 17156 Created loan: f5880adb-a19e-40c4-8bc2-60ed497d7609 for Anjali Mehta
INFO 2025-07-17 22:44:56,734 tasks 19148 17156 Created loan: 0a0c9915-1d19-4f30-9726-cc126f58df67 for Anjali Mehta
INFO 2025-07-17 22:44:56,744 tasks 19148 17156 Created loan: 5b866307-5793-411c-9ad0-20f454b72ae8 for Anjali Mehta
INFO 2025-07-17 22:44:56,752 tasks 19148 17156 Created loan: 8ae56af5-7434-42f6-83a9-46d7190d54f7 for Anjali Mehta
INFO 2025-07-17 22:44:56,763 tasks 19148 17156 Created loan: c2b00255-ab21-48c2-9219-90fbe85cf458 for Anjali Mehta
INFO 2025-07-17 22:44:56,774 tasks 19148 17156 Created loan: bba95ce8-a403-4b30-add9-07707078d651 for Anjali Mehta
INFO 2025-07-17 22:44:56,784 tasks 19148 17156 Created loan: 24f6aa63-4094-40cf-b5cd-3b7ffaa31e70 for Usha Saxena
INFO 2025-07-17 22:44:56,797 tasks 19148 17156 Created loan: 7636b5af-2ae8-4f49-9c9e-f212ec8ea167 for Usha Saxena
INFO 2025-07-17 22:44:56,810 tasks 19148 17156 Created loan: aeb7f3c5-5b79-4760-bcd0-9ecd8d9b41fe for Usha Saxena
INFO 2025-07-17 22:44:56,819 tasks 19148 17156 Created loan: 6b617d54-7ac4-497f-b636-8850685b0752 for Usha Saxena
INFO 2025-07-17 22:44:56,829 tasks 19148 17156 Created loan: d6aa3042-2e90-4a7d-bd42-1c5b6f4fc180 for Pooja Singh
INFO 2025-07-17 22:44:56,837 tasks 19148 17156 Created loan: 736e06bc-3dad-4bc1-8ab9-f9a2e7ab5283 for Pooja Singh
INFO 2025-07-17 22:44:56,847 tasks 19148 17156 Created loan: 3e3fd6c6-de1d-4d09-b9f9-af9d1c67aa67 for Pooja Singh
INFO 2025-07-17 22:44:56,856 tasks 19148 17156 Created loan: 1698dfd1-726f-4bde-aa7a-cd0076019756 for Pooja Singh
INFO 2025-07-17 22:44:56,866 tasks 19148 17156 Created loan: 17f5e871-edd6-4591-b603-eb0dd3553c8b for Pooja Singh
INFO 2025-07-17 22:44:56,877 tasks 19148 17156 Created loan: 5277c011-2c2c-4bef-9860-428f9b3d9759 for Suresh Agarwal
INFO 2025-07-17 22:44:56,886 tasks 19148 17156 Created loan: dc942d11-5984-4597-a593-9b5d8514eedf for Suresh Agarwal
INFO 2025-07-17 22:44:56,900 tasks 19148 17156 Created loan: 7aa47320-8d89-4a80-aed7-4354308d031e for Suresh Agarwal
INFO 2025-07-17 22:44:56,912 tasks 19148 17156 Created loan: 7bf09938-71bb-4988-b89b-04054cc8d232 for Pooja Singh
INFO 2025-07-17 22:44:56,922 tasks 19148 17156 Created loan: 69f489f1-4133-4bcd-b78e-4c2582639630 for Pooja Singh
INFO 2025-07-17 22:44:56,931 tasks 19148 17156 Created loan: 15a96101-e3ce-4b41-acee-5e294cfb17a3 for Pooja Singh
INFO 2025-07-17 22:44:56,941 tasks 19148 17156 Created loan: 6eae15cb-08cb-4af7-8e0c-af84622c3134 for Pooja Singh
INFO 2025-07-17 22:44:56,949 tasks 19148 17156 Created loan: 5c6beab3-b4da-437f-a173-e3efaed60c04 for Pooja Singh
INFO 2025-07-17 22:44:56,961 tasks 19148 17156 Created loan: 065f3105-98bb-4533-859f-8ad58abb623c for Sandeep Mishra
INFO 2025-07-17 22:44:56,972 tasks 19148 17156 Created loan: 3e6bd27c-17a3-4df2-bc22-e420abd42fdd for Sandeep Mishra
INFO 2025-07-17 22:44:56,984 tasks 19148 17156 Created loan: e672af48-2c5e-4193-be1c-06424e5c0f70 for Usha Tiwari
INFO 2025-07-17 22:44:56,994 tasks 19148 17156 Created loan: be3aefbd-191c-4efd-9f3c-781ee4fe92c2 for Usha Tiwari
INFO 2025-07-17 22:44:56,999 tasks 19148 17156 Created loan: a4df4a3f-9c3f-4a76-b0ba-ee873fd4ffc2 for Usha Tiwari
INFO 2025-07-17 22:44:57,010 tasks 19148 17156 Created loan: 0b60278b-0dee-4d01-b304-9c71f1e69427 for Usha Tiwari
INFO 2025-07-17 22:44:57,017 tasks 19148 17156 Created loan: 2266a48f-6838-4991-ac4c-2238947b9dbb for Usha Tiwari
INFO 2025-07-17 22:44:57,025 tasks 19148 17156 Created loan: 0b048153-f0ec-47ba-bcf2-b480edfc194a for Smita Jain
INFO 2025-07-17 22:44:57,034 tasks 19148 17156 Created loan: 0eb41831-bf81-4d27-a579-c7474b944a9d for Smita Jain
INFO 2025-07-17 22:44:57,044 tasks 19148 17156 Created loan: 3b0be513-0dc0-4122-a2b4-0bd0c5aa8752 for Smita Jain
INFO 2025-07-17 22:44:57,053 tasks 19148 17156 Created loan: 1ef0b7d5-dc8f-4577-8cf3-edd7a1d5d318 for Smita Jain
INFO 2025-07-17 22:44:57,062 tasks 19148 17156 Created loan: f84b49a3-2b01-4007-9ddc-c9c793770971 for Deepika Jain
INFO 2025-07-17 22:44:57,070 tasks 19148 17156 Created loan: eb3d7b35-3ab4-4a7a-a3e0-0cb88b0fec37 for Deepika Jain
INFO 2025-07-17 22:44:57,078 tasks 19148 17156 Created loan: ad50f65f-a191-4006-9d78-ac48eb3bfac6 for Deepika Jain
INFO 2025-07-17 22:44:57,087 tasks 19148 17156 Created loan: 69029a59-98ec-4d83-abdd-03424df15f96 for Shalini Pandey
INFO 2025-07-17 22:44:57,100 tasks 19148 17156 Created loan: a7d016b0-42e4-47eb-862d-23e4496f223c for Shalini Pandey
INFO 2025-07-17 22:44:57,110 tasks 19148 17156 Created loan: cd35ae56-4109-4ae5-881e-d3b2a7a0d1ba for Shalini Pandey
INFO 2025-07-17 22:44:57,117 tasks 19148 17156 Created loan: 7d1d6887-a9e5-4ccc-ba4b-6452e7d0837b for Shalini Pandey
INFO 2025-07-17 22:44:57,125 tasks 19148 17156 Created loan: 266beb83-b58f-4863-8066-c76df6f43799 for Smita Kumar
INFO 2025-07-17 22:44:57,134 tasks 19148 17156 Created loan: caa048c4-0156-45e8-9b42-40eeb8248be5 for Smita Kumar
INFO 2025-07-17 22:44:57,145 tasks 19148 17156 Created loan: 1585b652-13e7-4453-bc52-756d0335b1fc for Smita Kumar
INFO 2025-07-17 22:44:57,150 tasks 19148 17156 Created loan: b1f6d858-2733-4b0a-b6a2-40bd61a10088 for Smita Kumar
INFO 2025-07-17 22:44:57,163 tasks 19148 17156 Created loan: 3a5f7d68-29cc-4bad-bed5-a2821c6246af for Smita Kumar
INFO 2025-07-17 22:44:57,172 tasks 19148 17156 Created loan: 3a25aca5-9903-4f17-83d0-c4bdccffabcb for Smita Kumar
INFO 2025-07-17 22:44:57,179 tasks 19148 17156 Created loan: de58f627-cab4-4f04-aa95-d3d6c68c87d8 for Vikram Jain
INFO 2025-07-17 22:44:57,185 tasks 19148 17156 Created loan: 887ec4ce-bfa6-4a90-a85c-1e9ba5b8aed7 for Vikram Jain
INFO 2025-07-17 22:44:57,197 tasks 19148 17156 Created loan: afa62ff7-7eff-4c27-b7ec-075a5d899dbd for Vikram Jain
INFO 2025-07-17 22:44:57,205 tasks 19148 17156 Created loan: e415f9f5-94cd-40c7-a3f2-4ead2ec97520 for Vikram Jain
INFO 2025-07-17 22:44:57,215 tasks 19148 17156 Created loan: f0f71255-40fd-4c63-ace3-5e3882610f04 for Vikram Jain
INFO 2025-07-17 22:44:57,226 tasks 19148 17156 Created loan: b46a78e4-9f92-4a41-81a6-6f8e0dfc5c75 for Usha Singh
INFO 2025-07-17 22:44:57,233 tasks 19148 17156 Created loan: 9ecc34c8-fa39-4e92-9470-6b8b32fdcf19 for Usha Singh
INFO 2025-07-17 22:44:57,243 tasks 19148 17156 Created loan: ecddab60-2594-4139-84f7-16002684e904 for Usha Singh
INFO 2025-07-17 22:44:57,248 tasks 19148 17156 Created loan: 9ecc0c9a-bbc2-4eff-850b-1cd4b7c0c38e for Usha Singh
INFO 2025-07-17 22:44:57,258 tasks 19148 17156 Created loan: 1032bffd-9572-4510-8c70-02b073544b09 for Usha Singh
INFO 2025-07-17 22:44:57,268 tasks 19148 17156 Created loan: c87b9adf-7cac-476e-8214-9bd2f94f3c91 for Usha Singh
INFO 2025-07-17 22:44:57,279 tasks 19148 17156 Created loan: ec4f6647-89a1-4de9-9e5e-d3c234901e6a for Rekha Sharma
INFO 2025-07-17 22:44:57,285 tasks 19148 17156 Created loan: 153cdd3e-2f8a-4067-a8a4-964cc2a641e3 for Rekha Sharma
INFO 2025-07-17 22:44:57,296 tasks 19148 17156 Created loan: b3f77af3-e623-462e-8565-77a2343f1d30 for Rekha Sharma
INFO 2025-07-17 22:44:57,303 tasks 19148 17156 Created loan: acc98c47-0f91-4024-9e60-d06e2c11eab5 for Rekha Sharma
INFO 2025-07-17 22:44:57,314 tasks 19148 17156 Created loan: a2810022-d90a-45d8-b995-470c76629934 for Rekha Sharma
INFO 2025-07-17 22:44:57,322 tasks 19148 17156 Created loan: b778b0b6-adbe-49d5-a672-de653648c7ca for Rekha Sharma
INFO 2025-07-17 22:44:57,331 tasks 19148 17156 Created loan: 7f4d9d8f-2985-476e-854a-8d2bd4488a00 for Manoj Mehta
INFO 2025-07-17 22:44:57,340 tasks 19148 17156 Created loan: 3dc1cdb9-7a3e-4204-854f-417a442c4046 for Manoj Mehta
INFO 2025-07-17 22:44:57,350 tasks 19148 17156 Loan data loading completed: 159 created, 0 updated, 0 errors
ERROR 2025-07-17 22:46:46,298 tasks 19148 17156 Error loading loan data: Error 10061 connecting to localhost:6379. No connection could be made because the target machine actively refused it.
INFO 2025-07-17 22:46:46,302 tasks 19148 17156 Retrying task in 60 seconds (attempt 1/3)
INFO 2025-07-17 22:46:46,368 tasks 19148 17156 Loading loan data from: D:\Alemeno\credit_approval_system\data\loan_data.xlsx
INFO 2025-07-17 22:46:46,574 tasks 19148 17156 Updated loan: 369d0cc2-016a-4563-ad24-18cadba799ad for Neha Sharma
INFO 2025-07-17 22:46:46,603 tasks 19148 17156 Updated loan: 4d490b1f-7a1a-4665-8a76-299c0f93bc24 for Neha Sharma
INFO 2025-07-17 22:46:46,637 tasks 19148 17156 Updated loan: 5d37c579-2595-4e1e-8357-c5818eabfe03 for Neha Sharma
INFO 2025-07-17 22:46:46,668 tasks 19148 17156 Updated loan: 2edecbc1-be59-4c72-82f7-5285abb606f6 for Neha Sharma
INFO 2025-07-17 22:46:46,691 tasks 19148 17156 Updated loan: f96371dc-ef27-4f67-bd4e-90d309597108 for Neha Sharma
INFO 2025-07-17 22:46:46,711 tasks 19148 17156 Updated loan: b11349df-366e-4b74-8a3c-59ff79c6b8f8 for Neha Mishra
INFO 2025-07-17 22:46:46,741 tasks 19148 17156 Updated loan: 4ce66268-9719-4ceb-9ac0-59721a14eebd for Rahul Singh
INFO 2025-07-17 22:46:46,759 tasks 19148 17156 Updated loan: 798dfd2b-bc24-4f1f-9f5e-c0792cb0bece for Rahul Singh
INFO 2025-07-17 22:46:46,792 tasks 19148 17156 Updated loan: 9dbf9f4a-03ab-4acb-b9eb-2d233f345c8a for Rekha Verma
INFO 2025-07-17 22:46:46,811 tasks 19148 17156 Updated loan: 776e1bc6-d18e-4d3a-a936-368bcb600e76 for Rekha Verma
INFO 2025-07-17 22:46:46,841 tasks 19148 17156 Updated loan: a1f9ce96-9320-4a64-aa89-106731bee86f for Sandeep Sharma
INFO 2025-07-17 22:46:46,872 tasks 19148 17156 Updated loan: bebb195b-d698-4b73-a088-0ce870607e00 for Sandeep Sharma
INFO 2025-07-17 22:46:46,890 tasks 19148 17156 Updated loan: 195ddb68-1e7a-4c0b-b9c5-5a8255ff17dd for Ravi Reddy
INFO 2025-07-17 22:46:46,906 tasks 19148 17156 Updated loan: b9c95477-e959-4382-867d-76c4041c5cab for Ravi Reddy
INFO 2025-07-17 22:46:46,941 tasks 19148 17156 Updated loan: 68fb5d0c-78bb-4e2d-a730-a3b36b360722 for Ravi Reddy
INFO 2025-07-17 22:46:46,960 tasks 19148 17156 Updated loan: 96945ea6-f534-4f15-8701-ddc9fc5ec00f for Geeta Nair
INFO 2025-07-17 22:46:46,986 tasks 19148 17156 Updated loan: 3379c2ed-e33f-4adc-b2c4-96d678bdc34a for Geeta Nair
INFO 2025-07-17 22:46:47,000 tasks 19148 17156 Updated loan: b54fcf57-7f1d-4065-8013-c5010ebce85c for Geeta Nair
INFO 2025-07-17 22:46:47,022 tasks 19148 17156 Updated loan: 9ca6ea38-a385-474b-895c-f076a10304f7 for Geeta Nair
INFO 2025-07-17 22:46:47,054 tasks 19148 17156 Updated loan: 860bc13f-38a1-469c-bb01-7dccddfe206b for Geeta Nair
INFO 2025-07-17 22:46:47,086 tasks 19148 17156 Updated loan: db419d5c-53aa-4e57-8b91-2d244b2f3eea for Karan Saxena
INFO 2025-07-17 22:46:47,105 tasks 19148 17156 Updated loan: 86a4e59a-9452-48cd-aa1b-a19841b994c3 for Karan Saxena
INFO 2025-07-17 22:46:47,134 tasks 19148 17156 Updated loan: a0284fc8-4ae4-4b4d-81bf-a3d7e9bba1b6 for Ashok Pandey
INFO 2025-07-17 22:46:47,170 tasks 19148 17156 Updated loan: 0a772489-c1c0-4dc3-9392-6419e2941a53 for Priya Mishra
INFO 2025-07-17 22:46:47,201 tasks 19148 17156 Updated loan: db4a4743-2484-43c2-b691-c750d3208264 for Priya Mishra
INFO 2025-07-17 22:46:47,222 tasks 19148 17156 Updated loan: 4f0081ec-e5c1-47b8-8cee-1f666d217f31 for Deepika Joshi
INFO 2025-07-17 22:46:47,242 tasks 19148 17156 Updated loan: fd7e6597-9092-4cfa-b241-83c3f352648d for Deepika Joshi
INFO 2025-07-17 22:46:47,273 tasks 19148 17156 Updated loan: e3beb240-59df-4ae6-871c-09e4a9afb925 for Deepika Joshi
INFO 2025-07-17 22:46:47,304 tasks 19148 17156 Updated loan: a15e257c-29a4-412c-8a4e-c10f563b4818 for Deepika Joshi
INFO 2025-07-17 22:46:47,325 tasks 19148 17156 Updated loan: 497e389d-6f6f-4303-9202-95959fae53b8 for Praveen Mishra
INFO 2025-07-17 22:46:47,364 tasks 19148 17156 Updated loan: 13d4f9ff-d5db-4e69-8f09-e5a8f4838df6 for Praveen Mishra
INFO 2025-07-17 22:46:47,410 tasks 19148 17156 Updated loan: f09d7908-f9f2-4305-bcd7-5e1c702acbcd for Praveen Mishra
INFO 2025-07-17 22:46:47,451 tasks 19148 17156 Updated loan: b80bfff9-895a-4595-8fa5-88bbd9bc3c3b for Praveen Mishra
INFO 2025-07-17 22:46:47,472 tasks 19148 17156 Updated loan: 1484ce51-c1ad-4977-9b79-db7f2135cd81 for Praveen Mishra
INFO 2025-07-17 22:46:47,490 tasks 19148 17156 Updated loan: 82f1550e-b748-4b98-a182-3bf4424053c5 for Rajesh Yadav
INFO 2025-07-17 22:46:47,539 tasks 19148 17156 Updated loan: a246fc3a-8eec-438b-a8b5-10936cf782f4 for Rajesh Yadav
INFO 2025-07-17 22:46:47,559 tasks 19148 17156 Updated loan: 653c8135-86c6-462a-a5db-a3678067c63f for Rajesh Yadav
INFO 2025-07-17 22:46:47,575 tasks 19148 17156 Updated loan: 62831e23-05c6-420f-963e-4d48ff9b7607 for Rajesh Yadav
INFO 2025-07-17 22:46:47,601 tasks 19148 17156 Updated loan: a2808171-3c87-448f-bf1d-63f35895130e for Rajesh Yadav
INFO 2025-07-17 22:46:47,647 tasks 19148 17156 Updated loan: 38388cf9-1a28-4352-9399-43f565553a81 for Rajesh Yadav
INFO 2025-07-17 22:46:47,674 tasks 19148 17156 Updated loan: 648fb863-1383-4c03-98e1-86080d2eda6e for Nitin Patel
INFO 2025-07-17 22:46:47,701 tasks 19148 17156 Updated loan: 393880e4-3528-4a82-8e10-6feaa9f8b849 for Nitin Patel
INFO 2025-07-17 22:46:47,719 tasks 19148 17156 Updated loan: 3d16c8d9-9d98-469c-b946-f4f17ddb1a36 for Nitin Patel
INFO 2025-07-17 22:46:47,769 tasks 19148 17156 Updated loan: 6b59f2da-9d36-40b5-b3be-0b754b575e17 for Nitin Patel
INFO 2025-07-17 22:46:47,793 tasks 19148 17156 Updated loan: 24423474-204a-4956-8ab2-52ae4af0aa40 for Nitin Patel
INFO 2025-07-17 22:46:47,823 tasks 19148 17156 Updated loan: f53e7253-8a38-429e-86dc-471767eec9c8 for Nitin Patel
INFO 2025-07-17 22:46:47,845 tasks 19148 17156 Updated loan: c3dcd078-1cc3-4863-b15f-a44bc00ad718 for Sandeep Singh
INFO 2025-07-17 22:46:47,884 tasks 19148 17156 Updated loan: 7a5f9df3-dcc8-4e61-958c-64647570c3c3 for Sandeep Singh
INFO 2025-07-17 22:46:47,921 tasks 19148 17156 Updated loan: 27c1119e-ce00-45e7-9294-cf0aa28fd0f6 for Sandeep Singh
INFO 2025-07-17 22:46:47,955 tasks 19148 17156 Updated loan: 5d0576e0-3b3d-450e-b654-238267a83f90 for Sandeep Singh
INFO 2025-07-17 22:46:48,009 tasks 19148 17156 Updated loan: ab2c7ff1-216c-4e3c-b15d-ad53aca12289 for Sandeep Singh
INFO 2025-07-17 22:46:48,070 tasks 19148 17156 Updated loan: 11359718-3ce0-4979-8eaa-0897c6e34cb9 for Sandeep Singh
INFO 2025-07-17 22:46:48,186 tasks 19148 17156 Updated loan: 854a8c98-8f35-40b0-96bf-795b23f8cf6b for Ravi Pandey
INFO 2025-07-17 22:46:48,220 tasks 19148 17156 Updated loan: ba85024c-e213-45da-aa63-251ce5c1ca1f for Ravi Pandey
INFO 2025-07-17 22:46:48,264 tasks 19148 17156 Updated loan: 522230b2-8963-42d4-a738-a0fa43adf387 for Karan Gupta
INFO 2025-07-17 22:46:48,306 tasks 19148 17156 Updated loan: f75ac37d-bcdb-4000-89e9-1c2eae5df738 for Karan Gupta
INFO 2025-07-17 22:46:48,336 tasks 19148 17156 Updated loan: fabba1ba-aede-4a7b-8f7b-c657c1a0c163 for Karan Gupta
INFO 2025-07-17 22:46:48,356 tasks 19148 17156 Updated loan: 515484fb-3769-42d6-93b3-a4d95109e667 for Karan Gupta
INFO 2025-07-17 22:46:48,374 tasks 19148 17156 Updated loan: df1162ee-567e-44fa-8191-41c91327d376 for Karan Gupta
INFO 2025-07-17 22:46:48,401 tasks 19148 17156 Updated loan: 189d4d53-22c5-42f4-b580-9333492ebebf for Rekha Mehta
INFO 2025-07-17 22:46:48,420 tasks 19148 17156 Updated loan: 43d754c6-e1a7-49bf-9fba-5f31c60be0b3 for Rekha Mehta
INFO 2025-07-17 22:46:48,459 tasks 19148 17156 Updated loan: 7b7fd09b-9296-468c-9059-3c0ccf849fc9 for Rekha Mehta
INFO 2025-07-17 22:46:48,476 tasks 19148 17156 Updated loan: 5c01b766-af97-4e33-923a-93aa5093a056 for Priya Kumar
INFO 2025-07-17 22:46:48,494 tasks 19148 17156 Updated loan: 19728627-40f7-413f-b11d-e52a1dd55d24 for Priya Kumar
INFO 2025-07-17 22:46:48,529 tasks 19148 17156 Updated loan: e9d6ef64-bf9c-4b1f-ad49-d7464f048909 for Priya Kumar
INFO 2025-07-17 22:46:48,555 tasks 19148 17156 Updated loan: 2633f1cc-87e9-4f85-b7da-3fd4a20b6a80 for Priya Kumar
INFO 2025-07-17 22:46:48,585 tasks 19148 17156 Updated loan: 8dda4d88-5b40-4840-8830-28b722960cc5 for Sunita Sinha
INFO 2025-07-17 22:46:48,601 tasks 19148 17156 Updated loan: 83ea50fa-7940-48fc-b3e3-802866008669 for Sunita Sinha
INFO 2025-07-17 22:46:48,624 tasks 19148 17156 Updated loan: bcbb2e59-5e33-46e2-aae2-91f2876fd8b0 for Sunita Sinha
INFO 2025-07-17 22:46:48,642 tasks 19148 17156 Updated loan: 0210bd18-2ffa-4a74-bbc3-6c4fa21c5a1d for Sunita Sinha
INFO 2025-07-17 22:46:48,672 tasks 19148 17156 Updated loan: 88deff7e-d203-4849-8a1f-3974afff00c8 for Sunita Sinha
INFO 2025-07-17 22:46:48,702 tasks 19148 17156 Updated loan: c20b9cd0-fc08-4d11-b42a-3634a751da88 for Sunita Sinha
INFO 2025-07-17 22:46:48,736 tasks 19148 17156 Updated loan: 3a47fb53-9bd3-4816-9eae-e58cfb72e0c1 for Anil Mehta
INFO 2025-07-17 22:46:48,757 tasks 19148 17156 Updated loan: e7b856f7-d05e-477e-924b-1feec8313fd9 for Anil Mehta
INFO 2025-07-17 22:46:48,786 tasks 19148 17156 Updated loan: d022af92-728a-413e-a201-71272bf906bf for Anil Mehta
INFO 2025-07-17 22:46:48,816 tasks 19148 17156 Updated loan: ead05f5a-f847-47d7-acec-51ff07d257de for Anil Mehta
INFO 2025-07-17 22:46:48,855 tasks 19148 17156 Updated loan: ea422ea0-3d8b-4fc4-9e80-9b68456f6db3 for Anil Mehta
INFO 2025-07-17 22:46:48,903 tasks 19148 17156 Updated loan: 5f1a3928-07b1-48fe-8a3f-c307479d9b15 for Sunita Joshi
INFO 2025-07-17 22:46:48,936 tasks 19148 17156 Updated loan: a4c30405-4630-49f9-a9ec-c94a38cf6e66 for Sunita Joshi
INFO 2025-07-17 22:46:48,970 tasks 19148 17156 Updated loan: 0e8624a1-8c1a-408b-a7dc-1f6ada8d5808 for Sunita Joshi
INFO 2025-07-17 22:46:48,986 tasks 19148 17156 Updated loan: d12a5303-b125-4cf7-bede-b7540dbc654b for Sunita Joshi
INFO 2025-07-17 22:46:49,017 tasks 19148 17156 Updated loan: 12a30a7f-9e23-401b-a442-1b7adeee6f7c for Sunita Joshi
INFO 2025-07-17 22:46:49,036 tasks 19148 17156 Updated loan: 83f75a83-5a28-455e-9cf0-e89f3cf677a7 for Geeta Pandey
INFO 2025-07-17 22:46:49,059 tasks 19148 17156 Updated loan: b61c53fe-b3b3-49e9-b029-56709118d4e9 for Geeta Pandey
INFO 2025-07-17 22:46:49,085 tasks 19148 17156 Updated loan: d268fef9-526d-49cd-9c2f-5bef3af7a58d for Geeta Pandey
INFO 2025-07-17 22:46:49,099 tasks 19148 17156 Updated loan: 396caa10-b4bb-48f3-b4d7-51266a6eba55 for Geeta Pandey
INFO 2025-07-17 22:46:49,120 tasks 19148 17156 Updated loan: 64106776-01e5-47d7-852c-5d044e6bcce1 for Vikram Nair
INFO 2025-07-17 22:46:49,139 tasks 19148 17156 Updated loan: ceff8f60-d0eb-4b73-965f-141e4edc7246 for Anil Sharma
INFO 2025-07-17 22:46:49,171 tasks 19148 17156 Updated loan: 6771dc6c-b195-4515-99bd-44fe74053d24 for Usha Nair
INFO 2025-07-17 22:46:49,191 tasks 19148 17156 Updated loan: 1c1ccdeb-4e8f-4c0c-8224-ba8b448e18fb for Usha Nair
INFO 2025-07-17 22:46:49,209 tasks 19148 17156 Updated loan: 44d954a9-3cc2-43a7-8051-4ab035546f0c for Rekha Gupta
INFO 2025-07-17 22:46:49,234 tasks 19148 17156 Updated loan: 029ecf26-0041-4f8b-a875-12f6b0e63a83 for Rekha Gupta
INFO 2025-07-17 22:46:49,253 tasks 19148 17156 Updated loan: aff7e8ad-cdd0-4e4c-949a-63850c5da361 for Rekha Gupta
INFO 2025-07-17 22:46:49,291 tasks 19148 17156 Updated loan: f5880adb-a19e-40c4-8bc2-60ed497d7609 for Anjali Mehta
INFO 2025-07-17 22:46:49,309 tasks 19148 17156 Updated loan: 0a0c9915-1d19-4f30-9726-cc126f58df67 for Anjali Mehta
INFO 2025-07-17 22:46:49,335 tasks 19148 17156 Updated loan: 5b866307-5793-411c-9ad0-20f454b72ae8 for Anjali Mehta
INFO 2025-07-17 22:46:49,355 tasks 19148 17156 Updated loan: 8ae56af5-7434-42f6-83a9-46d7190d54f7 for Anjali Mehta
INFO 2025-07-17 22:46:49,374 tasks 19148 17156 Updated loan: c2b00255-ab21-48c2-9219-90fbe85cf458 for Anjali Mehta
INFO 2025-07-17 22:46:49,406 tasks 19148 17156 Updated loan: bba95ce8-a403-4b30-add9-07707078d651 for Anjali Mehta
INFO 2025-07-17 22:46:49,434 tasks 19148 17156 Updated loan: 24f6aa63-4094-40cf-b5cd-3b7ffaa31e70 for Usha Saxena
INFO 2025-07-17 22:46:49,471 tasks 19148 17156 Updated loan: 7636b5af-2ae8-4f49-9c9e-f212ec8ea167 for Usha Saxena
INFO 2025-07-17 22:46:49,508 tasks 19148 17156 Updated loan: aeb7f3c5-5b79-4760-bcd0-9ecd8d9b41fe for Usha Saxena
INFO 2025-07-17 22:46:49,559 tasks 19148 17156 Updated loan: 6b617d54-7ac4-497f-b636-8850685b0752 for Usha Saxena
INFO 2025-07-17 22:46:49,600 tasks 19148 17156 Updated loan: d6aa3042-2e90-4a7d-bd42-1c5b6f4fc180 for Pooja Singh
INFO 2025-07-17 22:46:49,639 tasks 19148 17156 Updated loan: 736e06bc-3dad-4bc1-8ab9-f9a2e7ab5283 for Pooja Singh
INFO 2025-07-17 22:46:49,676 tasks 19148 17156 Updated loan: 3e3fd6c6-de1d-4d09-b9f9-af9d1c67aa67 for Pooja Singh
INFO 2025-07-17 22:46:49,706 tasks 19148 17156 Updated loan: 1698dfd1-726f-4bde-aa7a-cd0076019756 for Pooja Singh
INFO 2025-07-17 22:46:49,741 tasks 19148 17156 Updated loan: 17f5e871-edd6-4591-b603-eb0dd3553c8b for Pooja Singh
INFO 2025-07-17 22:46:49,760 tasks 19148 17156 Updated loan: 5277c011-2c2c-4bef-9860-428f9b3d9759 for Suresh Agarwal
INFO 2025-07-17 22:46:49,787 tasks 19148 17156 Updated loan: dc942d11-5984-4597-a593-9b5d8514eedf for Suresh Agarwal
INFO 2025-07-17 22:46:49,823 tasks 19148 17156 Updated loan: 7aa47320-8d89-4a80-aed7-4354308d031e for Suresh Agarwal
INFO 2025-07-17 22:46:49,851 tasks 19148 17156 Updated loan: 7bf09938-71bb-4988-b89b-04054cc8d232 for Pooja Singh
INFO 2025-07-17 22:46:49,889 tasks 19148 17156 Updated loan: 69f489f1-4133-4bcd-b78e-4c2582639630 for Pooja Singh
INFO 2025-07-17 22:46:49,922 tasks 19148 17156 Updated loan: 15a96101-e3ce-4b41-acee-5e294cfb17a3 for Pooja Singh
INFO 2025-07-17 22:46:49,952 tasks 19148 17156 Updated loan: 6eae15cb-08cb-4af7-8e0c-af84622c3134 for Pooja Singh
INFO 2025-07-17 22:46:50,051 tasks 19148 17156 Updated loan: 5c6beab3-b4da-437f-a173-e3efaed60c04 for Pooja Singh
INFO 2025-07-17 22:46:50,101 tasks 19148 17156 Updated loan: 065f3105-98bb-4533-859f-8ad58abb623c for Sandeep Mishra
INFO 2025-07-17 22:46:50,140 tasks 19148 17156 Updated loan: 3e6bd27c-17a3-4df2-bc22-e420abd42fdd for Sandeep Mishra
INFO 2025-07-17 22:46:50,173 tasks 19148 17156 Updated loan: e672af48-2c5e-4193-be1c-06424e5c0f70 for Usha Tiwari
INFO 2025-07-17 22:46:50,203 tasks 19148 17156 Updated loan: be3aefbd-191c-4efd-9f3c-781ee4fe92c2 for Usha Tiwari
INFO 2025-07-17 22:46:50,247 tasks 19148 17156 Updated loan: a4df4a3f-9c3f-4a76-b0ba-ee873fd4ffc2 for Usha Tiwari
INFO 2025-07-17 22:46:50,276 tasks 19148 17156 Updated loan: 0b60278b-0dee-4d01-b304-9c71f1e69427 for Usha Tiwari
INFO 2025-07-17 22:46:50,318 tasks 19148 17156 Updated loan: 2266a48f-6838-4991-ac4c-2238947b9dbb for Usha Tiwari
INFO 2025-07-17 22:46:50,350 tasks 19148 17156 Updated loan: 0b048153-f0ec-47ba-bcf2-b480edfc194a for Smita Jain
INFO 2025-07-17 22:46:50,371 tasks 19148 17156 Updated loan: 0eb41831-bf81-4d27-a579-c7474b944a9d for Smita Jain
INFO 2025-07-17 22:46:50,386 tasks 19148 17156 Updated loan: 3b0be513-0dc0-4122-a2b4-0bd0c5aa8752 for Smita Jain
INFO 2025-07-17 22:46:50,409 tasks 19148 17156 Updated loan: 1ef0b7d5-dc8f-4577-8cf3-edd7a1d5d318 for Smita Jain
INFO 2025-07-17 22:46:50,426 tasks 19148 17156 Updated loan: f84b49a3-2b01-4007-9ddc-c9c793770971 for Deepika Jain
INFO 2025-07-17 22:46:50,466 tasks 19148 17156 Updated loan: eb3d7b35-3ab4-4a7a-a3e0-0cb88b0fec37 for Deepika Jain
INFO 2025-07-17 22:46:50,483 tasks 19148 17156 Updated loan: ad50f65f-a191-4006-9d78-ac48eb3bfac6 for Deepika Jain
INFO 2025-07-17 22:46:50,506 tasks 19148 17156 Updated loan: 69029a59-98ec-4d83-abdd-03424df15f96 for Shalini Pandey
INFO 2025-07-17 22:46:50,540 tasks 19148 17156 Updated loan: a7d016b0-42e4-47eb-862d-23e4496f223c for Shalini Pandey
INFO 2025-07-17 22:46:50,605 tasks 19148 17156 Updated loan: cd35ae56-4109-4ae5-881e-d3b2a7a0d1ba for Shalini Pandey
INFO 2025-07-17 22:46:50,642 tasks 19148 17156 Updated loan: 7d1d6887-a9e5-4ccc-ba4b-6452e7d0837b for Shalini Pandey
INFO 2025-07-17 22:46:50,668 tasks 19148 17156 Updated loan: 266beb83-b58f-4863-8066-c76df6f43799 for Smita Kumar
INFO 2025-07-17 22:46:50,692 tasks 19148 17156 Updated loan: caa048c4-0156-45e8-9b42-40eeb8248be5 for Smita Kumar
INFO 2025-07-17 22:46:50,708 tasks 19148 17156 Updated loan: 1585b652-13e7-4453-bc52-756d0335b1fc for Smita Kumar
INFO 2025-07-17 22:46:50,734 tasks 19148 17156 Updated loan: b1f6d858-2733-4b0a-b6a2-40bd61a10088 for Smita Kumar
INFO 2025-07-17 22:46:50,752 tasks 19148 17156 Updated loan: 3a5f7d68-29cc-4bad-bed5-a2821c6246af for Smita Kumar
INFO 2025-07-17 22:46:50,766 tasks 19148 17156 Updated loan: 3a25aca5-9903-4f17-83d0-c4bdccffabcb for Smita Kumar
INFO 2025-07-17 22:46:50,785 tasks 19148 17156 Updated loan: de58f627-cab4-4f04-aa95-d3d6c68c87d8 for Vikram Jain
INFO 2025-07-17 22:46:50,815 tasks 19148 17156 Updated loan: 887ec4ce-bfa6-4a90-a85c-1e9ba5b8aed7 for Vikram Jain
INFO 2025-07-17 22:46:50,841 tasks 19148 17156 Updated loan: afa62ff7-7eff-4c27-b7ec-075a5d899dbd for Vikram Jain
INFO 2025-07-17 22:46:50,873 tasks 19148 17156 Updated loan: e415f9f5-94cd-40c7-a3f2-4ead2ec97520 for Vikram Jain
INFO 2025-07-17 22:46:50,891 tasks 19148 17156 Updated loan: f0f71255-40fd-4c63-ace3-5e3882610f04 for Vikram Jain
INFO 2025-07-17 22:46:50,936 tasks 19148 17156 Updated loan: b46a78e4-9f92-4a41-81a6-6f8e0dfc5c75 for Usha Singh
INFO 2025-07-17 22:46:50,983 tasks 19148 17156 Updated loan: 9ecc34c8-fa39-4e92-9470-6b8b32fdcf19 for Usha Singh
INFO 2025-07-17 22:46:51,017 tasks 19148 17156 Updated loan: ecddab60-2594-4139-84f7-16002684e904 for Usha Singh
INFO 2025-07-17 22:46:51,087 tasks 19148 17156 Updated loan: 9ecc0c9a-bbc2-4eff-850b-1cd4b7c0c38e for Usha Singh
INFO 2025-07-17 22:46:51,144 tasks 19148 17156 Updated loan: 1032bffd-9572-4510-8c70-02b073544b09 for Usha Singh
INFO 2025-07-17 22:46:51,211 tasks 19148 17156 Updated loan: c87b9adf-7cac-476e-8214-9bd2f94f3c91 for Usha Singh
INFO 2025-07-17 22:46:51,256 tasks 19148 17156 Updated loan: ec4f6647-89a1-4de9-9e5e-d3c234901e6a for Rekha Sharma
INFO 2025-07-17 22:46:51,306 tasks 19148 17156 Updated loan: 153cdd3e-2f8a-4067-a8a4-964cc2a641e3 for Rekha Sharma
INFO 2025-07-17 22:46:51,351 tasks 19148 17156 Updated loan: b3f77af3-e623-462e-8565-77a2343f1d30 for Rekha Sharma
INFO 2025-07-17 22:46:51,403 tasks 19148 17156 Updated loan: acc98c47-0f91-4024-9e60-d06e2c11eab5 for Rekha Sharma
INFO 2025-07-17 22:46:51,437 tasks 19148 17156 Updated loan: a2810022-d90a-45d8-b995-470c76629934 for Rekha Sharma
INFO 2025-07-17 22:46:51,465 tasks 19148 17156 Updated loan: b778b0b6-adbe-49d5-a672-de653648c7ca for Rekha Sharma
INFO 2025-07-17 22:46:51,502 tasks 19148 17156 Updated loan: 7f4d9d8f-2985-476e-854a-8d2bd4488a00 for Manoj Mehta
INFO 2025-07-17 22:46:51,583 tasks 19148 17156 Updated loan: 3dc1cdb9-7a3e-4204-854f-417a442c4046 for Manoj Mehta
INFO 2025-07-17 22:46:51,606 tasks 19148 17156 Loan data loading completed: 0 created, 159 updated, 0 errors
INFO 2025-07-17 22:49:20,585 basehttp 23372 22616 "GET /status HTTP/1.1" 200 166
INFO 2025-07-17 22:49:21,921 basehttp 23372 22616 - Broken pipe from ('127.0.0.1', 63160)
INFO 2025-07-17 22:49:33,556 basehttp 23372 1676 "GET /status HTTP/1.1" 200 166
INFO 2025-07-17 22:49:45,022 basehttp 23372 23320 "GET /health/ HTTP/1.1" 200 58
INFO 2025-07-17 22:49:47,121 basehttp 23372 5668 "GET /status HTTP/1.1" 200 166
INFO 2025-07-17 22:49:49,226 views 23372 6408 Created new customer: John Doe (ID: 82)
INFO 2025-07-17 22:49:49,256 basehttp 23372 6408 "POST /register HTTP/1.1" 201 129
INFO 2025-07-17 22:49:51,640 views 23372 1788 Loan eligibility check for customer 82: True
INFO 2025-07-17 22:49:51,648 basehttp 23372 1788 "POST /check-eligibility HTTP/1.1" 200 136
INFO 2025-07-17 22:49:53,811 views 23372 17640 Created loan f78555f2-c811-4d6e-80f5-f2c65b480caf for customer 82: approved=True
INFO 2025-07-17 22:49:53,864 basehttp 23372 17640 "POST /create-loan HTTP/1.1" 201 159
INFO 2025-07-17 22:49:56,002 views 23372 1412 Retrieved loan details for loan f78555f2-c811-4d6e-80f5-f2c65b480caf
INFO 2025-07-17 22:49:56,011 basehttp 23372 1412 "GET /view-loan/f78555f2-c811-4d6e-80f5-f2c65b480caf HTTP/1.1" 200 238
INFO 2025-07-17 22:49:58,107 views 23372 8916 Retrieved 1 loans for customer 82
INFO 2025-07-17 22:49:58,120 basehttp 23372 8916 "GET /view-loans/82 HTTP/1.1" 200 155
INFO 2025-07-17 22:50:51,546 basehttp 23372 17916 "GET /status HTTP/1.1" 200 166
INFO 2025-07-17 22:51:05,036 basehttp 23372 17916 "GET /health HTTP/1.1" 301 0
INFO 2025-07-17 22:51:05,045 basehttp 23372 11388 "GET /health/ HTTP/1.1" 200 58
INFO 2025-07-17 22:51:10,037 basehttp 23372 11388 "GET /health/ HTTP/1.1" 200 58
WARNING 2025-07-17 22:56:46,697 log 23372 14468 Method Not Allowed: /register
WARNING 2025-07-17 22:56:46,697 basehttp 23372 14468 "GET /register HTTP/1.1" 405 40
WARNING 2025-07-17 22:57:11,544 log 23372 14468 Not Found: /check-elgibility
WARNING 2025-07-17 22:57:11,546 basehttp 23372 14468 "GET /check-elgibility HTTP/1.1" 404 3612
INFO 2025-07-17 23:24:19,624 autoreload 17412 16624 Watching for file changes with StatReloader
WARNING 2025-07-17 23:26:11,372 log 17412 21528 Not Found: /
WARNING 2025-07-17 23:26:11,373 basehttp 17412 21528 "GET / HTTP/1.1" 404 3546
WARNING 2025-07-17 23:26:12,802 log 17412 21528 Not Found: /favicon.ico
WARNING 2025-07-17 23:26:12,803 basehttp 17412 21528 "GET /favicon.ico HTTP/1.1" 404 3597
INFO 2025-07-17 23:41:06,219 basehttp 17412 3000 "GET /health/ HTTP/1.1" 200 58
INFO 2025-07-17 23:41:18,884 basehttp 17412 3000 "GET /status HTTP/1.1" 200 166
WARNING 2025-07-17 23:42:16,148 log 17412 3000 Method Not Allowed: /register
WARNING 2025-07-17 23:42:16,148 basehttp 17412 3000 "GET /register HTTP/1.1" 405 40
WARNING 2025-07-17 23:42:38,161 log 17412 3000 Not Found: /check-elgibility
WARNING 2025-07-17 23:42:38,167 basehttp 17412 3000 "GET /check-elgibility HTTP/1.1" 404 3612
WARNING 2025-07-17 23:43:07,385 log 17412 3000 Method Not Allowed: /create-loan
WARNING 2025-07-17 23:43:07,386 basehttp 17412 3000 "GET /create-loan HTTP/1.1" 405 40
INFO 2025-07-17 23:45:32,928 basehttp 17412 13116 "GET /health/ HTTP/1.1" 200 58
INFO 2025-07-17 23:45:34,974 basehttp 17412 12416 "GET /status HTTP/1.1" 200 166
INFO 2025-07-17 23:45:37,036 views 17412 5364 Created new customer: Test User (ID: 83)
INFO 2025-07-17 23:45:37,044 basehttp 17412 5364 "POST /register HTTP/1.1" 201 130
WARNING 2025-07-17 23:45:39,122 views 17412 9708 Invalid customer registration data: {'phone_number': [ErrorDetail(string='Customer with this phone number already exists.', code='unique')]}
WARNING 2025-07-17 23:45:39,122 log 17412 9708 Bad Request: /register
WARNING 2025-07-17 23:45:39,122 basehttp 17412 9708 "POST /register HTTP/1.1" 400 139
INFO 2025-07-17 23:45:41,183 views 17412 12120 Loan eligibility check for customer 83: True
INFO 2025-07-17 23:45:41,183 basehttp 17412 12120 "POST /check-eligibility HTTP/1.1" 200 136
INFO 2025-07-17 23:45:43,271 views 17412 17548 Created loan b53b3bc5-2a6e-4bb9-91f7-20ba64bc11c9 for customer 83: approved=True
INFO 2025-07-17 23:45:43,281 basehttp 17412 17548 "POST /create-loan HTTP/1.1" 201 159
INFO 2025-07-17 23:45:45,311 views 17412 5140 Retrieved loan details for loan b53b3bc5-2a6e-4bb9-91f7-20ba64bc11c9
INFO 2025-07-17 23:45:45,317 basehttp 17412 5140 "GET /view-loan/b53b3bc5-2a6e-4bb9-91f7-20ba64bc11c9 HTTP/1.1" 200 239
INFO 2025-07-17 23:45:47,357 views 17412 21792 Retrieved 1 loans for customer 83
INFO 2025-07-17 23:45:47,359 basehttp 17412 21792 "GET /view-loans/83 HTTP/1.1" 200 155
INFO 2025-07-17 23:45:49,402 views 17412 5116 Retrieved credit score for customer 83: 41
INFO 2025-07-17 23:45:49,402 basehttp 17412 5116 "GET /customer/83/credit-score HTTP/1.1" 200 230
WARNING 2025-07-17 23:45:51,445 views 17412 17544 Invalid loan eligibility request: {'customer_id': [ErrorDetail(string='Customer not found.', code='invalid')]}
WARNING 2025-07-17 23:45:51,445 log 17412 17544 Bad Request: /check-eligibility
WARNING 2025-07-17 23:45:51,445 basehttp 17412 17544 "POST /check-eligibility HTTP/1.1" 400 110
WARNING 2025-07-17 23:45:53,496 views 17412 19404 Invalid loan eligibility request: {'customer_id': [ErrorDetail(string='Customer not found.', code='invalid')]}
WARNING 2025-07-17 23:45:53,497 log 17412 19404 Bad Request: /check-eligibility
WARNING 2025-07-17 23:45:53,498 basehttp 17412 19404 "POST /check-eligibility HTTP/1.1" 400 110
INFO 2025-07-17 23:49:37,857 basehttp 17412 9068 "GET /health/ HTTP/1.1" 200 58
INFO 2025-07-17 23:49:39,887 basehttp 17412 1804 "GET /status HTTP/1.1" 200 166
INFO 2025-07-17 23:49:41,931 views 17412 22972 Created new customer: Test User (ID: 84)
INFO 2025-07-17 23:49:41,947 basehttp 17412 22972 "POST /register HTTP/1.1" 201 130
WARNING 2025-07-17 23:49:43,991 views 17412 18840 Invalid customer registration data: {'phone_number': [ErrorDetail(string='Customer with this phone number already exists.', code='unique')]}
WARNING 2025-07-17 23:49:43,991 log 17412 18840 Bad Request: /register
WARNING 2025-07-17 23:49:43,991 basehttp 17412 18840 "POST /register HTTP/1.1" 400 139
INFO 2025-07-17 23:49:46,024 views 17412 1072 Loan eligibility check for customer 84: True
INFO 2025-07-17 23:49:46,024 basehttp 17412 1072 "POST /check-eligibility HTTP/1.1" 200 136
INFO 2025-07-17 23:49:48,089 views 17412 10176 Created loan 2b8822ce-bcd0-4237-adc8-9e4004d1b78d for customer 84: approved=True
INFO 2025-07-17 23:49:48,095 basehttp 17412 10176 "POST /create-loan HTTP/1.1" 201 159
INFO 2025-07-17 23:49:50,148 views 17412 12780 Retrieved loan details for loan 2b8822ce-bcd0-4237-adc8-9e4004d1b78d
INFO 2025-07-17 23:49:50,148 basehttp 17412 12780 "GET /view-loan/2b8822ce-bcd0-4237-adc8-9e4004d1b78d HTTP/1.1" 200 239
INFO 2025-07-17 23:49:52,182 views 17412 23112 Retrieved 1 loans for customer 84
INFO 2025-07-17 23:49:52,185 basehttp 17412 23112 "GET /view-loans/84 HTTP/1.1" 200 155
INFO 2025-07-17 23:49:54,232 views 17412 9976 Retrieved credit score for customer 84: 41
INFO 2025-07-17 23:49:54,232 basehttp 17412 9976 "GET /customer/84/credit-score HTTP/1.1" 200 230
WARNING 2025-07-17 23:49:56,286 views 17412 18648 Invalid loan eligibility request: {'customer_id': [ErrorDetail(string='Customer not found.', code='invalid')]}
WARNING 2025-07-17 23:49:56,286 log 17412 18648 Bad Request: /check-eligibility
WARNING 2025-07-17 23:49:56,287 basehttp 17412 18648 "POST /check-eligibility HTTP/1.1" 400 110
INFO 2025-07-17 23:49:58,324 basehttp 17412 18272 "GET /status HTTP/1.1" 200 166
WARNING 2025-07-17 23:50:00,365 views 17412 6316 Invalid loan eligibility request: {'customer_id': [ErrorDetail(string='Customer not found.', code='invalid')]}
WARNING 2025-07-17 23:50:00,365 log 17412 6316 Bad Request: /check-eligibility
WARNING 2025-07-17 23:50:00,365 basehttp 17412 6316 "POST /check-eligibility HTTP/1.1" 400 110
INFO 2025-07-17 23:50:16,822 basehttp 17412 10448 "GET /health/ HTTP/1.1" 200 58
INFO 2025-07-17 23:50:18,890 basehttp 17412 15236 "GET /status HTTP/1.1" 200 166
INFO 2025-07-17 23:50:20,944 views 17412 20356 Created new customer: Test User (ID: 85)
INFO 2025-07-17 23:50:20,953 basehttp 17412 20356 "POST /register HTTP/1.1" 201 130
WARNING 2025-07-17 23:50:22,992 views 17412 3112 Invalid customer registration data: {'phone_number': [ErrorDetail(string='Customer with this phone number already exists.', code='unique')]}
WARNING 2025-07-17 23:50:22,993 log 17412 3112 Bad Request: /register
WARNING 2025-07-17 23:50:22,994 basehttp 17412 3112 "POST /register HTTP/1.1" 400 139
INFO 2025-07-17 23:50:25,043 views 17412 12180 Loan eligibility check for customer 85: True
INFO 2025-07-17 23:50:25,044 basehttp 17412 12180 "POST /check-eligibility HTTP/1.1" 200 136
INFO 2025-07-17 23:50:27,113 views 17412 6268 Created loan 50c66588-61ff-4838-9f89-5c109f8f0669 for customer 85: approved=True
INFO 2025-07-17 23:50:27,120 basehttp 17412 6268 "POST /create-loan HTTP/1.1" 201 159
INFO 2025-07-17 23:50:29,137 views 17412 14552 Retrieved loan details for loan 50c66588-61ff-4838-9f89-5c109f8f0669
INFO 2025-07-17 23:50:29,140 basehttp 17412 14552 "GET /view-loan/50c66588-61ff-4838-9f89-5c109f8f0669 HTTP/1.1" 200 239
INFO 2025-07-17 23:50:31,181 views 17412 10024 Retrieved 1 loans for customer 85
INFO 2025-07-17 23:50:31,184 basehttp 17412 10024 "GET /view-loans/85 HTTP/1.1" 200 155
INFO 2025-07-17 23:50:33,229 views 17412 21304 Retrieved credit score for customer 85: 41
INFO 2025-07-17 23:50:33,230 basehttp 17412 21304 "GET /customer/85/credit-score HTTP/1.1" 200 230
WARNING 2025-07-17 23:50:35,276 views 17412 12248 Invalid loan eligibility request: {'customer_id': [ErrorDetail(string='Customer not found.', code='invalid')]}
WARNING 2025-07-17 23:50:35,277 log 17412 12248 Bad Request: /check-eligibility
WARNING 2025-07-17 23:50:35,278 basehttp 17412 12248 "POST /check-eligibility HTTP/1.1" 400 110
INFO 2025-07-17 23:50:37,328 basehttp 17412 13300 "GET /status HTTP/1.1" 200 166
WARNING 2025-07-17 23:50:39,359 views 17412 4396 Invalid loan eligibility request: {'customer_id': [ErrorDetail(string='Customer not found.', code='invalid')]}
WARNING 2025-07-17 23:50:39,359 log 17412 4396 Bad Request: /check-eligibility
WARNING 2025-07-17 23:50:39,359 basehttp 17412 4396 "POST /check-eligibility HTTP/1.1" 400 110
